2022-02-05T00:38:16.916Z | info | Starting Nest application...;
2022-02-05T00:38:16.997Z | info | TypeOrmModule dependencies initialized;
2022-02-05T00:38:16.997Z | info | ColumnModule dependencies initialized;
2022-02-05T00:38:16.997Z | info | AppModule dependencies initialized;
2022-02-05T00:38:17.066Z | info | TypeOrmCoreModule dependencies initialized;
2022-02-05T00:38:17.066Z | info | TypeOrmModule dependencies initialized;
2022-02-05T00:38:17.067Z | info | TypeOrmModule dependencies initialized;
2022-02-05T00:38:17.067Z | info | TypeOrmModule dependencies initialized;
2022-02-05T00:38:17.067Z | info | TypeOrmModule dependencies initialized;
2022-02-05T00:38:17.071Z | info | UserModule dependencies initialized;
2022-02-05T00:38:17.071Z | info | BoardModule dependencies initialized;
2022-02-05T00:38:17.071Z | info | LoginModule dependencies initialized;
2022-02-05T00:38:17.071Z | info | TaskModule dependencies initialized;
2022-02-05T00:38:17.116Z | info | UserController {/users}:;
2022-02-05T00:38:17.119Z | info | Mapped {/users, POST} route;
2022-02-05T00:38:17.120Z | info | Mapped {/users, GET} route;
2022-02-05T00:38:17.122Z | info | Mapped {/users/:id, GET} route;
2022-02-05T00:38:17.123Z | info | Mapped {/users/:id, PUT} route;
2022-02-05T00:38:17.126Z | info | Mapped {/users/:id, DELETE} route;
2022-02-05T00:38:17.127Z | info | BoardController {/boards}:;
2022-02-05T00:38:17.127Z | info | Mapped {/boards, POST} route;
2022-02-05T00:38:17.128Z | info | Mapped {/boards, GET} route;
2022-02-05T00:38:17.129Z | info | Mapped {/boards/:id, GET} route;
2022-02-05T00:38:17.130Z | info | Mapped {/boards/:id, PUT} route;
2022-02-05T00:38:17.131Z | info | Mapped {/boards/:id, DELETE} route;
2022-02-05T00:38:17.131Z | info | TaskController {/boards/:boardId}:;
2022-02-05T00:38:17.131Z | info | Mapped {/boards/:boardId/tasks, POST} route;
2022-02-05T00:38:17.132Z | info | Mapped {/boards/:boardId/tasks, GET} route;
2022-02-05T00:38:17.133Z | info | Mapped {/boards/:boardId/tasks/:taskId, GET} route;
2022-02-05T00:38:17.133Z | info | Mapped {/boards/:boardId/tasks/:taskId, PUT} route;
2022-02-05T00:38:17.134Z | info | Mapped {/boards/:boardId/tasks/:taskId, DELETE} route;
2022-02-05T00:38:17.134Z | info | LoginController {/login}:;
2022-02-05T00:38:17.135Z | info | Mapped {/login, POST} route;
2022-02-05T00:38:17.138Z | info | Nest application successfully started;
2022-02-05T00:38:17.145Z | info | Server started on port 4000;
2022-02-05T00:39:18.794Z | info | Starting Nest application...;
2022-02-05T00:39:18.867Z | info | TypeOrmModule dependencies initialized;
2022-02-05T00:39:18.867Z | info | ColumnModule dependencies initialized;
2022-02-05T00:39:18.868Z | info | AppModule dependencies initialized;
2022-02-05T00:39:18.940Z | info | TypeOrmCoreModule dependencies initialized;
2022-02-05T00:39:18.940Z | info | TypeOrmModule dependencies initialized;
2022-02-05T00:39:18.940Z | info | TypeOrmModule dependencies initialized;
2022-02-05T00:39:18.941Z | info | TypeOrmModule dependencies initialized;
2022-02-05T00:39:18.941Z | info | TypeOrmModule dependencies initialized;
2022-02-05T00:39:18.945Z | info | UserModule dependencies initialized;
2022-02-05T00:39:18.945Z | info | BoardModule dependencies initialized;
2022-02-05T00:39:18.945Z | info | LoginModule dependencies initialized;
2022-02-05T00:39:18.945Z | info | TaskModule dependencies initialized;
2022-02-05T00:39:18.983Z | info | UserController {/users}:;
2022-02-05T00:39:18.987Z | info | Mapped {/users, POST} route;
2022-02-05T00:39:18.988Z | info | Mapped {/users, GET} route;
2022-02-05T00:39:18.989Z | info | Mapped {/users/:id, GET} route;
2022-02-05T00:39:18.991Z | info | Mapped {/users/:id, PUT} route;
2022-02-05T00:39:18.995Z | info | Mapped {/users/:id, DELETE} route;
2022-02-05T00:39:18.995Z | info | BoardController {/boards}:;
2022-02-05T00:39:18.996Z | info | Mapped {/boards, POST} route;
2022-02-05T00:39:18.997Z | info | Mapped {/boards, GET} route;
2022-02-05T00:39:18.998Z | info | Mapped {/boards/:id, GET} route;
2022-02-05T00:39:18.999Z | info | Mapped {/boards/:id, PUT} route;
2022-02-05T00:39:19.000Z | info | Mapped {/boards/:id, DELETE} route;
2022-02-05T00:39:19.000Z | info | TaskController {/boards/:boardId}:;
2022-02-05T00:39:19.001Z | info | Mapped {/boards/:boardId/tasks, POST} route;
2022-02-05T00:39:19.002Z | info | Mapped {/boards/:boardId/tasks, GET} route;
2022-02-05T00:39:19.003Z | info | Mapped {/boards/:boardId/tasks/:taskId, GET} route;
2022-02-05T00:39:19.003Z | info | Mapped {/boards/:boardId/tasks/:taskId, PUT} route;
2022-02-05T00:39:19.004Z | info | Mapped {/boards/:boardId/tasks/:taskId, DELETE} route;
2022-02-05T00:39:19.004Z | info | LoginController {/login}:;
2022-02-05T00:39:19.005Z | info | Mapped {/login, POST} route;
2022-02-05T00:39:19.008Z | info | Nest application successfully started;
2022-02-05T00:39:19.015Z | info | Server started on port 4000;
2022-02-05T00:40:40.948Z | info | Starting Nest application...;
2022-02-05T00:40:41.023Z | info | TypeOrmModule dependencies initialized;
2022-02-05T00:40:41.023Z | info | ColumnModule dependencies initialized;
2022-02-05T00:40:41.023Z | info | AppModule dependencies initialized;
2022-02-05T00:40:41.094Z | info | TypeOrmCoreModule dependencies initialized;
2022-02-05T00:40:41.094Z | info | TypeOrmModule dependencies initialized;
2022-02-05T00:40:41.094Z | info | TypeOrmModule dependencies initialized;
2022-02-05T00:40:41.094Z | info | TypeOrmModule dependencies initialized;
2022-02-05T00:40:41.094Z | info | TypeOrmModule dependencies initialized;
2022-02-05T00:40:41.098Z | info | UserModule dependencies initialized;
2022-02-05T00:40:41.098Z | info | BoardModule dependencies initialized;
2022-02-05T00:40:41.099Z | info | LoginModule dependencies initialized;
2022-02-05T00:40:41.099Z | info | TaskModule dependencies initialized;
2022-02-05T00:40:41.141Z | info | UserController {/users}:;
2022-02-05T00:40:41.144Z | info | Mapped {/users, POST} route;
2022-02-05T00:40:41.145Z | info | Mapped {/users, GET} route;
2022-02-05T00:40:41.146Z | info | Mapped {/users/:id, GET} route;
2022-02-05T00:40:41.147Z | info | Mapped {/users/:id, PUT} route;
2022-02-05T00:40:41.148Z | info | Mapped {/users/:id, DELETE} route;
2022-02-05T00:40:41.148Z | info | BoardController {/boards}:;
2022-02-05T00:40:41.149Z | info | Mapped {/boards, POST} route;
2022-02-05T00:40:41.150Z | info | Mapped {/boards, GET} route;
2022-02-05T00:40:41.150Z | info | Mapped {/boards/:id, GET} route;
2022-02-05T00:40:41.151Z | info | Mapped {/boards/:id, PUT} route;
2022-02-05T00:40:41.152Z | info | Mapped {/boards/:id, DELETE} route;
2022-02-05T00:40:41.152Z | info | TaskController {/boards/:boardId}:;
2022-02-05T00:40:41.153Z | info | Mapped {/boards/:boardId/tasks, POST} route;
2022-02-05T00:40:41.154Z | info | Mapped {/boards/:boardId/tasks, GET} route;
2022-02-05T00:40:41.154Z | info | Mapped {/boards/:boardId/tasks/:taskId, GET} route;
2022-02-05T00:40:41.155Z | info | Mapped {/boards/:boardId/tasks/:taskId, PUT} route;
2022-02-05T00:40:41.156Z | info | Mapped {/boards/:boardId/tasks/:taskId, DELETE} route;
2022-02-05T00:40:41.156Z | info | LoginController {/login}:;
2022-02-05T00:40:41.157Z | info | Mapped {/login, POST} route;
2022-02-05T00:40:41.160Z | info | Nest application successfully started;
2022-02-05T00:40:41.166Z | info | Server started on port 4000;
2022-02-05T00:50:16.824Z | info | Starting Nest application...;
2022-02-05T00:50:16.906Z | info | TypeOrmModule dependencies initialized;
2022-02-05T00:50:16.906Z | info | ColumnModule dependencies initialized;
2022-02-05T00:50:16.907Z | info | AppModule dependencies initialized;
2022-02-05T00:50:17.031Z | info | TypeOrmCoreModule dependencies initialized;
2022-02-05T00:50:17.031Z | info | TypeOrmModule dependencies initialized;
2022-02-05T00:50:17.031Z | info | TypeOrmModule dependencies initialized;
2022-02-05T00:50:17.031Z | info | TypeOrmModule dependencies initialized;
2022-02-05T00:50:17.031Z | info | TypeOrmModule dependencies initialized;
2022-02-05T00:50:17.036Z | info | UserModule dependencies initialized;
2022-02-05T00:50:17.036Z | info | BoardModule dependencies initialized;
2022-02-05T00:50:17.036Z | info | LoginModule dependencies initialized;
2022-02-05T00:50:17.037Z | info | TaskModule dependencies initialized;
2022-02-05T00:50:17.078Z | info | UserController {/users}:;
2022-02-05T00:50:17.081Z | info | Mapped {/users, POST} route;
2022-02-05T00:50:17.082Z | info | Mapped {/users, GET} route;
2022-02-05T00:50:17.085Z | info | Mapped {/users/:id, GET} route;
2022-02-05T00:50:17.086Z | info | Mapped {/users/:id, PUT} route;
2022-02-05T00:50:17.091Z | info | Mapped {/users/:id, DELETE} route;
2022-02-05T00:50:17.091Z | info | BoardController {/boards}:;
2022-02-05T00:50:17.092Z | info | Mapped {/boards, POST} route;
2022-02-05T00:50:17.094Z | info | Mapped {/boards, GET} route;
2022-02-05T00:50:17.095Z | info | Mapped {/boards/:id, GET} route;
2022-02-05T00:50:17.097Z | info | Mapped {/boards/:id, PUT} route;
2022-02-05T00:50:17.098Z | info | Mapped {/boards/:id, DELETE} route;
2022-02-05T00:50:17.099Z | info | TaskController {/boards/:boardId}:;
2022-02-05T00:50:17.101Z | info | Mapped {/boards/:boardId/tasks, POST} route;
2022-02-05T00:50:17.102Z | info | Mapped {/boards/:boardId/tasks, GET} route;
2022-02-05T00:50:17.103Z | info | Mapped {/boards/:boardId/tasks/:taskId, GET} route;
2022-02-05T00:50:17.104Z | info | Mapped {/boards/:boardId/tasks/:taskId, PUT} route;
2022-02-05T00:50:17.106Z | info | Mapped {/boards/:boardId/tasks/:taskId, DELETE} route;
2022-02-05T00:50:17.106Z | info | LoginController {/login}:;
2022-02-05T00:50:17.107Z | info | Mapped {/login, POST} route;
2022-02-05T00:50:17.111Z | info | Nest application successfully started;
2022-02-05T00:50:17.120Z | info | Server started on port 4000;
2022-02-05T00:52:02.555Z | info | Starting Nest application...;
2022-02-05T00:52:02.633Z | info | TypeOrmModule dependencies initialized;
2022-02-05T00:52:02.633Z | info | ColumnModule dependencies initialized;
2022-02-05T00:52:02.633Z | info | AppModule dependencies initialized;
2022-02-05T00:52:02.722Z | info | TypeOrmCoreModule dependencies initialized;
2022-02-05T00:52:02.722Z | info | TypeOrmModule dependencies initialized;
2022-02-05T00:52:02.722Z | info | TypeOrmModule dependencies initialized;
2022-02-05T00:52:02.722Z | info | TypeOrmModule dependencies initialized;
2022-02-05T00:52:02.723Z | info | TypeOrmModule dependencies initialized;
2022-02-05T00:52:02.727Z | info | UserModule dependencies initialized;
2022-02-05T00:52:02.727Z | info | BoardModule dependencies initialized;
2022-02-05T00:52:02.727Z | info | LoginModule dependencies initialized;
2022-02-05T00:52:02.727Z | info | TaskModule dependencies initialized;
2022-02-05T00:52:02.774Z | info | UserController {/users}:;
2022-02-05T00:52:02.778Z | info | Mapped {/users, POST} route;
2022-02-05T00:52:02.779Z | info | Mapped {/users, GET} route;
2022-02-05T00:52:02.780Z | info | Mapped {/users/:id, GET} route;
2022-02-05T00:52:02.781Z | info | Mapped {/users/:id, PUT} route;
2022-02-05T00:52:02.782Z | info | Mapped {/users/:id, DELETE} route;
2022-02-05T00:52:02.782Z | info | BoardController {/boards}:;
2022-02-05T00:52:02.783Z | info | Mapped {/boards, POST} route;
2022-02-05T00:52:02.784Z | info | Mapped {/boards, GET} route;
2022-02-05T00:52:02.785Z | info | Mapped {/boards/:id, GET} route;
2022-02-05T00:52:02.786Z | info | Mapped {/boards/:id, PUT} route;
2022-02-05T00:52:02.787Z | info | Mapped {/boards/:id, DELETE} route;
2022-02-05T00:52:02.787Z | info | TaskController {/boards/:boardId}:;
2022-02-05T00:52:02.788Z | info | Mapped {/boards/:boardId/tasks, POST} route;
2022-02-05T00:52:02.788Z | info | Mapped {/boards/:boardId/tasks, GET} route;
2022-02-05T00:52:02.789Z | info | Mapped {/boards/:boardId/tasks/:taskId, GET} route;
2022-02-05T00:52:02.790Z | info | Mapped {/boards/:boardId/tasks/:taskId, PUT} route;
2022-02-05T00:52:02.790Z | info | Mapped {/boards/:boardId/tasks/:taskId, DELETE} route;
2022-02-05T00:52:02.791Z | info | LoginController {/login}:;
2022-02-05T00:52:02.791Z | info | Mapped {/login, POST} route;
2022-02-05T00:52:02.795Z | info | Nest application successfully started;
2022-02-05T00:52:02.803Z | info | Server started on port 4000;
2022-02-05T00:52:10.195Z | info | Starting Nest application...;
2022-02-05T00:52:10.247Z | info | TypeOrmModule dependencies initialized;
2022-02-05T00:52:10.247Z | info | ColumnModule dependencies initialized;
2022-02-05T00:52:10.247Z | info | AppModule dependencies initialized;
2022-02-05T00:52:10.323Z | info | TypeOrmCoreModule dependencies initialized;
2022-02-05T00:52:10.323Z | info | TypeOrmModule dependencies initialized;
2022-02-05T00:52:10.323Z | info | TypeOrmModule dependencies initialized;
2022-02-05T00:52:10.323Z | info | TypeOrmModule dependencies initialized;
2022-02-05T00:52:10.324Z | info | TypeOrmModule dependencies initialized;
2022-02-05T00:52:10.328Z | info | UserModule dependencies initialized;
2022-02-05T00:52:10.328Z | info | BoardModule dependencies initialized;
2022-02-05T00:52:10.328Z | info | LoginModule dependencies initialized;
2022-02-05T00:52:10.329Z | info | TaskModule dependencies initialized;
2022-02-05T00:52:10.349Z | info | UserController {/users}:;
2022-02-05T00:52:10.353Z | info | Mapped {/users, POST} route;
2022-02-05T00:52:10.354Z | info | Mapped {/users, GET} route;
2022-02-05T00:52:10.355Z | info | Mapped {/users/:id, GET} route;
2022-02-05T00:52:10.356Z | info | Mapped {/users/:id, PUT} route;
2022-02-05T00:52:10.357Z | info | Mapped {/users/:id, DELETE} route;
2022-02-05T00:52:10.358Z | info | BoardController {/boards}:;
2022-02-05T00:52:10.359Z | info | Mapped {/boards, POST} route;
2022-02-05T00:52:10.359Z | info | Mapped {/boards, GET} route;
2022-02-05T00:52:10.360Z | info | Mapped {/boards/:id, GET} route;
2022-02-05T00:52:10.361Z | info | Mapped {/boards/:id, PUT} route;
2022-02-05T00:52:10.362Z | info | Mapped {/boards/:id, DELETE} route;
2022-02-05T00:52:10.362Z | info | TaskController {/boards/:boardId}:;
2022-02-05T00:52:10.363Z | info | Mapped {/boards/:boardId/tasks, POST} route;
2022-02-05T00:52:10.364Z | info | Mapped {/boards/:boardId/tasks, GET} route;
2022-02-05T00:52:10.364Z | info | Mapped {/boards/:boardId/tasks/:taskId, GET} route;
2022-02-05T00:52:10.365Z | info | Mapped {/boards/:boardId/tasks/:taskId, PUT} route;
2022-02-05T00:52:10.366Z | info | Mapped {/boards/:boardId/tasks/:taskId, DELETE} route;
2022-02-05T00:52:10.366Z | info | LoginController {/login}:;
2022-02-05T00:52:10.367Z | info | Mapped {/login, POST} route;
2022-02-05T00:52:10.370Z | info | Nest application successfully started;
2022-02-05T00:52:10.376Z | info | Server started on port 4000;
2022-02-05T00:56:56.060Z | info | Starting Nest application...;
2022-02-05T00:56:56.146Z | info | TypeOrmModule dependencies initialized;
2022-02-05T00:56:56.147Z | info | ColumnModule dependencies initialized;
2022-02-05T00:56:56.147Z | info | AppModule dependencies initialized;
2022-02-05T00:56:56.256Z | info | TypeOrmCoreModule dependencies initialized;
2022-02-05T00:56:56.256Z | info | TypeOrmModule dependencies initialized;
2022-02-05T00:56:56.257Z | info | TypeOrmModule dependencies initialized;
2022-02-05T00:56:56.257Z | info | TypeOrmModule dependencies initialized;
2022-02-05T00:56:56.257Z | info | TypeOrmModule dependencies initialized;
2022-02-05T00:56:56.261Z | info | UserModule dependencies initialized;
2022-02-05T00:56:56.262Z | info | BoardModule dependencies initialized;
2022-02-05T00:56:56.262Z | info | LoginModule dependencies initialized;
2022-02-05T00:56:56.262Z | info | TaskModule dependencies initialized;
2022-02-05T00:56:56.307Z | info | UserController {/users}:;
2022-02-05T00:56:56.310Z | info | Mapped {/users, POST} route;
2022-02-05T00:56:56.312Z | info | Mapped {/users, GET} route;
2022-02-05T00:56:56.314Z | info | Mapped {/users/:id, GET} route;
2022-02-05T00:56:56.315Z | info | Mapped {/users/:id, PUT} route;
2022-02-05T00:56:56.316Z | info | Mapped {/users/:id, DELETE} route;
2022-02-05T00:56:56.317Z | info | BoardController {/boards}:;
2022-02-05T00:56:56.318Z | info | Mapped {/boards, POST} route;
2022-02-05T00:56:56.319Z | info | Mapped {/boards, GET} route;
2022-02-05T00:56:56.320Z | info | Mapped {/boards/:id, GET} route;
2022-02-05T00:56:56.320Z | info | Mapped {/boards/:id, PUT} route;
2022-02-05T00:56:56.321Z | info | Mapped {/boards/:id, DELETE} route;
2022-02-05T00:56:56.321Z | info | TaskController {/boards/:boardId}:;
2022-02-05T00:56:56.322Z | info | Mapped {/boards/:boardId/tasks, POST} route;
2022-02-05T00:56:56.323Z | info | Mapped {/boards/:boardId/tasks, GET} route;
2022-02-05T00:56:56.324Z | info | Mapped {/boards/:boardId/tasks/:taskId, GET} route;
2022-02-05T00:56:56.324Z | info | Mapped {/boards/:boardId/tasks/:taskId, PUT} route;
2022-02-05T00:56:56.325Z | info | Mapped {/boards/:boardId/tasks/:taskId, DELETE} route;
2022-02-05T00:56:56.325Z | info | LoginController {/login}:;
2022-02-05T00:56:56.326Z | info | Mapped {/login, POST} route;
2022-02-05T00:56:56.329Z | info | Nest application successfully started;
2022-02-05T00:56:56.336Z | info | Server started on port 4000;
2022-02-05T00:57:13.662Z | info | Starting Nest application...;
2022-02-05T00:57:13.737Z | info | TypeOrmModule dependencies initialized;
2022-02-05T00:57:13.737Z | info | ColumnModule dependencies initialized;
2022-02-05T00:57:13.737Z | info | AppModule dependencies initialized;
2022-02-05T00:57:13.806Z | info | TypeOrmCoreModule dependencies initialized;
2022-02-05T00:57:13.806Z | info | TypeOrmModule dependencies initialized;
2022-02-05T00:57:13.806Z | info | TypeOrmModule dependencies initialized;
2022-02-05T00:57:13.806Z | info | TypeOrmModule dependencies initialized;
2022-02-05T00:57:13.806Z | info | TypeOrmModule dependencies initialized;
2022-02-05T00:57:13.810Z | info | UserModule dependencies initialized;
2022-02-05T00:57:13.811Z | info | BoardModule dependencies initialized;
2022-02-05T00:57:13.811Z | info | LoginModule dependencies initialized;
2022-02-05T00:57:13.811Z | info | TaskModule dependencies initialized;
2022-02-05T00:57:13.858Z | info | UserController {/users}:;
2022-02-05T00:57:13.861Z | info | Mapped {/users, POST} route;
2022-02-05T00:57:13.863Z | info | Mapped {/users, GET} route;
2022-02-05T00:57:13.865Z | info | Mapped {/users/:id, GET} route;
2022-02-05T00:57:13.866Z | info | Mapped {/users/:id, PUT} route;
2022-02-05T00:57:13.871Z | info | Mapped {/users/:id, DELETE} route;
2022-02-05T00:57:13.871Z | info | BoardController {/boards}:;
2022-02-05T00:57:13.872Z | info | Mapped {/boards, POST} route;
2022-02-05T00:57:13.873Z | info | Mapped {/boards, GET} route;
2022-02-05T00:57:13.874Z | info | Mapped {/boards/:id, GET} route;
2022-02-05T00:57:13.875Z | info | Mapped {/boards/:id, PUT} route;
2022-02-05T00:57:13.876Z | info | Mapped {/boards/:id, DELETE} route;
2022-02-05T00:57:13.876Z | info | TaskController {/boards/:boardId}:;
2022-02-05T00:57:13.877Z | info | Mapped {/boards/:boardId/tasks, POST} route;
2022-02-05T00:57:13.878Z | info | Mapped {/boards/:boardId/tasks, GET} route;
2022-02-05T00:57:13.878Z | info | Mapped {/boards/:boardId/tasks/:taskId, GET} route;
2022-02-05T00:57:13.879Z | info | Mapped {/boards/:boardId/tasks/:taskId, PUT} route;
2022-02-05T00:57:13.880Z | info | Mapped {/boards/:boardId/tasks/:taskId, DELETE} route;
2022-02-05T00:57:13.880Z | info | LoginController {/login}:;
2022-02-05T00:57:13.881Z | info | Mapped {/login, POST} route;
2022-02-05T00:57:13.884Z | info | Nest application successfully started;
2022-02-05T00:57:13.891Z | info | Server started on port 4000;
2022-02-05T01:00:01.476Z | info | Starting Nest application...;
2022-02-05T01:00:01.546Z | info | TypeOrmModule dependencies initialized;
2022-02-05T01:00:01.546Z | info | ColumnModule dependencies initialized;
2022-02-05T01:00:01.546Z | info | AppModule dependencies initialized;
2022-02-05T01:00:01.616Z | info | TypeOrmCoreModule dependencies initialized;
2022-02-05T01:00:01.616Z | info | TypeOrmModule dependencies initialized;
2022-02-05T01:00:01.616Z | info | TypeOrmModule dependencies initialized;
2022-02-05T01:00:01.616Z | info | TypeOrmModule dependencies initialized;
2022-02-05T01:00:01.617Z | info | TypeOrmModule dependencies initialized;
2022-02-05T01:00:01.621Z | info | UserModule dependencies initialized;
2022-02-05T01:00:01.621Z | info | BoardModule dependencies initialized;
2022-02-05T01:00:01.621Z | info | LoginModule dependencies initialized;
2022-02-05T01:00:01.621Z | info | TaskModule dependencies initialized;
2022-02-05T01:00:01.654Z | info | UserController {/users}:;
2022-02-05T01:00:01.657Z | info | Mapped {/users, POST} route;
2022-02-05T01:00:01.658Z | info | Mapped {/users, GET} route;
2022-02-05T01:00:01.659Z | info | Mapped {/users/:id, GET} route;
2022-02-05T01:00:01.660Z | info | Mapped {/users/:id, PUT} route;
2022-02-05T01:00:01.661Z | info | Mapped {/users/:id, DELETE} route;
2022-02-05T01:00:01.661Z | info | BoardController {/boards}:;
2022-02-05T01:00:01.662Z | info | Mapped {/boards, POST} route;
2022-02-05T01:00:01.663Z | info | Mapped {/boards, GET} route;
2022-02-05T01:00:01.664Z | info | Mapped {/boards/:id, GET} route;
2022-02-05T01:00:01.664Z | info | Mapped {/boards/:id, PUT} route;
2022-02-05T01:00:01.665Z | info | Mapped {/boards/:id, DELETE} route;
2022-02-05T01:00:01.665Z | info | TaskController {/boards/:boardId}:;
2022-02-05T01:00:01.666Z | info | Mapped {/boards/:boardId/tasks, POST} route;
2022-02-05T01:00:01.667Z | info | Mapped {/boards/:boardId/tasks, GET} route;
2022-02-05T01:00:01.668Z | info | Mapped {/boards/:boardId/tasks/:taskId, GET} route;
2022-02-05T01:00:01.672Z | info | Mapped {/boards/:boardId/tasks/:taskId, PUT} route;
2022-02-05T01:00:01.673Z | info | Mapped {/boards/:boardId/tasks/:taskId, DELETE} route;
2022-02-05T01:00:01.673Z | info | LoginController {/login}:;
2022-02-05T01:00:01.674Z | info | Mapped {/login, POST} route;
2022-02-05T01:00:01.677Z | info | Nest application successfully started;
2022-02-05T01:00:01.684Z | info | Server started on port 4000;
2022-02-05T01:02:22.144Z | info | Starting Nest application...;
2022-02-05T01:02:22.221Z | info | TypeOrmModule dependencies initialized;
2022-02-05T01:02:22.221Z | info | ColumnModule dependencies initialized;
2022-02-05T01:02:22.221Z | info | AppModule dependencies initialized;
2022-02-05T01:02:22.312Z | info | TypeOrmCoreModule dependencies initialized;
2022-02-05T01:02:22.312Z | info | TypeOrmModule dependencies initialized;
2022-02-05T01:02:22.313Z | info | TypeOrmModule dependencies initialized;
2022-02-05T01:02:22.313Z | info | TypeOrmModule dependencies initialized;
2022-02-05T01:02:22.313Z | info | TypeOrmModule dependencies initialized;
2022-02-05T01:02:22.318Z | info | UserModule dependencies initialized;
2022-02-05T01:02:22.318Z | info | BoardModule dependencies initialized;
2022-02-05T01:02:22.318Z | info | LoginModule dependencies initialized;
2022-02-05T01:02:22.318Z | info | TaskModule dependencies initialized;
2022-02-05T01:02:22.360Z | info | UserController {/users}:;
2022-02-05T01:02:22.363Z | info | Mapped {/users, POST} route;
2022-02-05T01:02:22.365Z | info | Mapped {/users, GET} route;
2022-02-05T01:02:22.367Z | info | Mapped {/users/:id, GET} route;
2022-02-05T01:02:22.368Z | info | Mapped {/users/:id, PUT} route;
2022-02-05T01:02:22.373Z | info | Mapped {/users/:id, DELETE} route;
2022-02-05T01:02:22.373Z | info | BoardController {/boards}:;
2022-02-05T01:02:22.374Z | info | Mapped {/boards, POST} route;
2022-02-05T01:02:22.375Z | info | Mapped {/boards, GET} route;
2022-02-05T01:02:22.376Z | info | Mapped {/boards/:id, GET} route;
2022-02-05T01:02:22.377Z | info | Mapped {/boards/:id, PUT} route;
2022-02-05T01:02:22.378Z | info | Mapped {/boards/:id, DELETE} route;
2022-02-05T01:02:22.378Z | info | TaskController {/boards/:boardId}:;
2022-02-05T01:02:22.379Z | info | Mapped {/boards/:boardId/tasks, POST} route;
2022-02-05T01:02:22.379Z | info | Mapped {/boards/:boardId/tasks, GET} route;
2022-02-05T01:02:22.380Z | info | Mapped {/boards/:boardId/tasks/:taskId, GET} route;
2022-02-05T01:02:22.381Z | info | Mapped {/boards/:boardId/tasks/:taskId, PUT} route;
2022-02-05T01:02:22.381Z | info | Mapped {/boards/:boardId/tasks/:taskId, DELETE} route;
2022-02-05T01:02:22.382Z | info | LoginController {/login}:;
2022-02-05T01:02:22.382Z | info | Mapped {/login, POST} route;
2022-02-05T01:02:22.386Z | info | Nest application successfully started;
2022-02-05T01:02:22.393Z | info | Server started on port 4000;
2022-02-05T01:04:20.373Z | info | Starting Nest application...;
2022-02-05T01:04:20.443Z | info | TypeOrmModule dependencies initialized;
2022-02-05T01:04:20.444Z | info | ColumnModule dependencies initialized;
2022-02-05T01:04:20.444Z | info | AppModule dependencies initialized;
2022-02-05T01:04:20.520Z | info | TypeOrmCoreModule dependencies initialized;
2022-02-05T01:04:20.520Z | info | TypeOrmModule dependencies initialized;
2022-02-05T01:04:20.520Z | info | TypeOrmModule dependencies initialized;
2022-02-05T01:04:20.520Z | info | TypeOrmModule dependencies initialized;
2022-02-05T01:04:20.521Z | info | TypeOrmModule dependencies initialized;
2022-02-05T01:04:20.525Z | info | UserModule dependencies initialized;
2022-02-05T01:04:20.525Z | info | BoardModule dependencies initialized;
2022-02-05T01:04:20.525Z | info | LoginModule dependencies initialized;
2022-02-05T01:04:20.525Z | info | TaskModule dependencies initialized;
2022-02-05T01:04:20.562Z | info | UserController {/users}:;
2022-02-05T01:04:20.565Z | info | Mapped {/users, POST} route;
2022-02-05T01:04:20.566Z | info | Mapped {/users, GET} route;
2022-02-05T01:04:20.567Z | info | Mapped {/users/:id, GET} route;
2022-02-05T01:04:20.568Z | info | Mapped {/users/:id, PUT} route;
2022-02-05T01:04:20.569Z | info | Mapped {/users/:id, DELETE} route;
2022-02-05T01:04:20.569Z | info | BoardController {/boards}:;
2022-02-05T01:04:20.570Z | info | Mapped {/boards, POST} route;
2022-02-05T01:04:20.571Z | info | Mapped {/boards, GET} route;
2022-02-05T01:04:20.572Z | info | Mapped {/boards/:id, GET} route;
2022-02-05T01:04:20.573Z | info | Mapped {/boards/:id, PUT} route;
2022-02-05T01:04:20.573Z | info | Mapped {/boards/:id, DELETE} route;
2022-02-05T01:04:20.574Z | info | TaskController {/boards/:boardId}:;
2022-02-05T01:04:20.574Z | info | Mapped {/boards/:boardId/tasks, POST} route;
2022-02-05T01:04:20.575Z | info | Mapped {/boards/:boardId/tasks, GET} route;
2022-02-05T01:04:20.576Z | info | Mapped {/boards/:boardId/tasks/:taskId, GET} route;
2022-02-05T01:04:20.576Z | info | Mapped {/boards/:boardId/tasks/:taskId, PUT} route;
2022-02-05T01:04:20.577Z | info | Mapped {/boards/:boardId/tasks/:taskId, DELETE} route;
2022-02-05T01:04:20.577Z | info | LoginController {/login}:;
2022-02-05T01:04:20.578Z | info | Mapped {/login, POST} route;
2022-02-05T01:04:20.581Z | info | Nest application successfully started;
2022-02-05T01:04:20.587Z | info | Server started on port 4000;
2022-02-05T01:05:05.041Z | info | Starting Nest application...;
2022-02-05T01:05:05.096Z | info | TypeOrmModule dependencies initialized;
2022-02-05T01:05:05.096Z | info | ColumnModule dependencies initialized;
2022-02-05T01:05:05.097Z | info | AppModule dependencies initialized;
2022-02-05T01:05:05.168Z | info | TypeOrmCoreModule dependencies initialized;
2022-02-05T01:05:05.168Z | info | TypeOrmModule dependencies initialized;
2022-02-05T01:05:05.168Z | info | TypeOrmModule dependencies initialized;
2022-02-05T01:05:05.168Z | info | TypeOrmModule dependencies initialized;
2022-02-05T01:05:05.168Z | info | TypeOrmModule dependencies initialized;
2022-02-05T01:05:05.173Z | info | UserModule dependencies initialized;
2022-02-05T01:05:05.173Z | info | BoardModule dependencies initialized;
2022-02-05T01:05:05.173Z | info | LoginModule dependencies initialized;
2022-02-05T01:05:05.173Z | info | TaskModule dependencies initialized;
2022-02-05T01:05:05.194Z | info | UserController {/users}:;
2022-02-05T01:05:05.196Z | info | Mapped {/users, POST} route;
2022-02-05T01:05:05.197Z | info | Mapped {/users, GET} route;
2022-02-05T01:05:05.198Z | info | Mapped {/users/:id, GET} route;
2022-02-05T01:05:05.199Z | info | Mapped {/users/:id, PUT} route;
2022-02-05T01:05:05.200Z | info | Mapped {/users/:id, DELETE} route;
2022-02-05T01:05:05.200Z | info | BoardController {/boards}:;
2022-02-05T01:05:05.201Z | info | Mapped {/boards, POST} route;
2022-02-05T01:05:05.202Z | info | Mapped {/boards, GET} route;
2022-02-05T01:05:05.203Z | info | Mapped {/boards/:id, GET} route;
2022-02-05T01:05:05.204Z | info | Mapped {/boards/:id, PUT} route;
2022-02-05T01:05:05.204Z | info | Mapped {/boards/:id, DELETE} route;
2022-02-05T01:05:05.205Z | info | TaskController {/boards/:boardId}:;
2022-02-05T01:05:05.205Z | info | Mapped {/boards/:boardId/tasks, POST} route;
2022-02-05T01:05:05.206Z | info | Mapped {/boards/:boardId/tasks, GET} route;
2022-02-05T01:05:05.207Z | info | Mapped {/boards/:boardId/tasks/:taskId, GET} route;
2022-02-05T01:05:05.208Z | info | Mapped {/boards/:boardId/tasks/:taskId, PUT} route;
2022-02-05T01:05:05.208Z | info | Mapped {/boards/:boardId/tasks/:taskId, DELETE} route;
2022-02-05T01:05:05.208Z | info | LoginController {/login}:;
2022-02-05T01:05:05.209Z | info | Mapped {/login, POST} route;
2022-02-05T01:05:05.212Z | info | Nest application successfully started;
2022-02-05T01:05:05.219Z | info | Server started on port 4000;
2022-02-05T01:05:19.129Z | info | Starting Nest application...;
2022-02-05T01:05:19.174Z | info | TypeOrmModule dependencies initialized;
2022-02-05T01:05:19.175Z | info | ColumnModule dependencies initialized;
2022-02-05T01:05:19.175Z | info | AppModule dependencies initialized;
2022-02-05T01:05:19.246Z | info | TypeOrmCoreModule dependencies initialized;
2022-02-05T01:05:19.246Z | info | TypeOrmModule dependencies initialized;
2022-02-05T01:05:19.246Z | info | TypeOrmModule dependencies initialized;
2022-02-05T01:05:19.246Z | info | TypeOrmModule dependencies initialized;
2022-02-05T01:05:19.246Z | info | TypeOrmModule dependencies initialized;
2022-02-05T01:05:19.250Z | info | UserModule dependencies initialized;
2022-02-05T01:05:19.251Z | info | BoardModule dependencies initialized;
2022-02-05T01:05:19.251Z | info | LoginModule dependencies initialized;
2022-02-05T01:05:19.251Z | info | TaskModule dependencies initialized;
2022-02-05T01:05:19.269Z | info | UserController {/users}:;
2022-02-05T01:05:19.272Z | info | Mapped {/users, POST} route;
2022-02-05T01:05:19.272Z | info | Mapped {/users, GET} route;
2022-02-05T01:05:19.273Z | info | Mapped {/users/:id, GET} route;
2022-02-05T01:05:19.274Z | info | Mapped {/users/:id, PUT} route;
2022-02-05T01:05:19.275Z | info | Mapped {/users/:id, DELETE} route;
2022-02-05T01:05:19.275Z | info | BoardController {/boards}:;
2022-02-05T01:05:19.275Z | info | Mapped {/boards, POST} route;
2022-02-05T01:05:19.276Z | info | Mapped {/boards, GET} route;
2022-02-05T01:05:19.277Z | info | Mapped {/boards/:id, GET} route;
2022-02-05T01:05:19.277Z | info | Mapped {/boards/:id, PUT} route;
2022-02-05T01:05:19.278Z | info | Mapped {/boards/:id, DELETE} route;
2022-02-05T01:05:19.278Z | info | TaskController {/boards/:boardId}:;
2022-02-05T01:05:19.279Z | info | Mapped {/boards/:boardId/tasks, POST} route;
2022-02-05T01:05:19.280Z | info | Mapped {/boards/:boardId/tasks, GET} route;
2022-02-05T01:05:19.280Z | info | Mapped {/boards/:boardId/tasks/:taskId, GET} route;
2022-02-05T01:05:19.281Z | info | Mapped {/boards/:boardId/tasks/:taskId, PUT} route;
2022-02-05T01:05:19.281Z | info | Mapped {/boards/:boardId/tasks/:taskId, DELETE} route;
2022-02-05T01:05:19.281Z | info | LoginController {/login}:;
2022-02-05T01:05:19.282Z | info | Mapped {/login, POST} route;
2022-02-05T01:05:19.284Z | info | Nest application successfully started;
2022-02-05T01:05:19.290Z | info | Server started on port 4000;
2022-02-05T01:05:33.721Z | info | OPTIONS /file 204 No Content body: undefined query: undefined;
2022-02-05T01:05:33.728Z | warn | GET /file 404 Not Found body: undefined query: undefined;
2022-02-05T01:05:35.974Z | warn | GET /file 404 Not Found body: undefined query: undefined;
2022-02-05T01:05:39.958Z | info | OPTIONS /file/test 204 No Content body: undefined query: undefined;
2022-02-05T01:05:39.963Z | warn | GET /file/test 404 Not Found body: undefined query: undefined;
2022-02-05T01:06:44.545Z | info | Starting Nest application...;
2022-02-05T01:06:44.616Z | info | TypeOrmModule dependencies initialized;
2022-02-05T01:06:44.616Z | info | ColumnModule dependencies initialized;
2022-02-05T01:06:44.616Z | info | AppModule dependencies initialized;
2022-02-05T01:06:44.617Z | info | FileModule dependencies initialized;
2022-02-05T01:06:44.678Z | info | TypeOrmCoreModule dependencies initialized;
2022-02-05T01:06:44.679Z | info | TypeOrmModule dependencies initialized;
2022-02-05T01:06:44.679Z | info | TypeOrmModule dependencies initialized;
2022-02-05T01:06:44.679Z | info | TypeOrmModule dependencies initialized;
2022-02-05T01:06:44.679Z | info | TypeOrmModule dependencies initialized;
2022-02-05T01:06:44.682Z | info | UserModule dependencies initialized;
2022-02-05T01:06:44.683Z | info | BoardModule dependencies initialized;
2022-02-05T01:06:44.683Z | info | LoginModule dependencies initialized;
2022-02-05T01:06:44.683Z | info | TaskModule dependencies initialized;
2022-02-05T01:06:44.719Z | info | UserController {/users}:;
2022-02-05T01:06:44.722Z | info | Mapped {/users, POST} route;
2022-02-05T01:06:44.723Z | info | Mapped {/users, GET} route;
2022-02-05T01:06:44.724Z | info | Mapped {/users/:id, GET} route;
2022-02-05T01:06:44.725Z | info | Mapped {/users/:id, PUT} route;
2022-02-05T01:06:44.726Z | info | Mapped {/users/:id, DELETE} route;
2022-02-05T01:06:44.726Z | info | BoardController {/boards}:;
2022-02-05T01:06:44.727Z | info | Mapped {/boards, POST} route;
2022-02-05T01:06:44.728Z | info | Mapped {/boards, GET} route;
2022-02-05T01:06:44.729Z | info | Mapped {/boards/:id, GET} route;
2022-02-05T01:06:44.730Z | info | Mapped {/boards/:id, PUT} route;
2022-02-05T01:06:44.730Z | info | Mapped {/boards/:id, DELETE} route;
2022-02-05T01:06:44.730Z | info | TaskController {/boards/:boardId}:;
2022-02-05T01:06:44.731Z | info | Mapped {/boards/:boardId/tasks, POST} route;
2022-02-05T01:06:44.732Z | info | Mapped {/boards/:boardId/tasks, GET} route;
2022-02-05T01:06:44.733Z | info | Mapped {/boards/:boardId/tasks/:taskId, GET} route;
2022-02-05T01:06:44.733Z | info | Mapped {/boards/:boardId/tasks/:taskId, PUT} route;
2022-02-05T01:06:44.734Z | info | Mapped {/boards/:boardId/tasks/:taskId, DELETE} route;
2022-02-05T01:06:44.734Z | info | LoginController {/login}:;
2022-02-05T01:06:44.735Z | info | Mapped {/login, POST} route;
2022-02-05T01:06:44.735Z | info | FileController {/file}:;
2022-02-05T01:06:44.736Z | info | Mapped {/file, POST} route;
2022-02-05T01:06:44.737Z | info | Mapped {/file/:file, GET} route;
2022-02-05T01:06:44.740Z | info | Nest application successfully started;
2022-02-05T01:06:44.747Z | info | Server started on port 4000;
2022-02-05T01:06:58.003Z | info | Starting Nest application...;
2022-02-05T01:06:58.072Z | info | TypeOrmModule dependencies initialized;
2022-02-05T01:06:58.072Z | info | ColumnModule dependencies initialized;
2022-02-05T01:06:58.073Z | info | AppModule dependencies initialized;
2022-02-05T01:06:58.073Z | info | FileModule dependencies initialized;
2022-02-05T01:06:58.145Z | info | TypeOrmCoreModule dependencies initialized;
2022-02-05T01:06:58.146Z | info | TypeOrmModule dependencies initialized;
2022-02-05T01:06:58.146Z | info | TypeOrmModule dependencies initialized;
2022-02-05T01:06:58.146Z | info | TypeOrmModule dependencies initialized;
2022-02-05T01:06:58.146Z | info | TypeOrmModule dependencies initialized;
2022-02-05T01:06:58.150Z | info | UserModule dependencies initialized;
2022-02-05T01:06:58.150Z | info | BoardModule dependencies initialized;
2022-02-05T01:06:58.150Z | info | LoginModule dependencies initialized;
2022-02-05T01:06:58.150Z | info | TaskModule dependencies initialized;
2022-02-05T01:06:58.186Z | info | UserController {/users}:;
2022-02-05T01:06:58.189Z | info | Mapped {/users, POST} route;
2022-02-05T01:06:58.190Z | info | Mapped {/users, GET} route;
2022-02-05T01:06:58.191Z | info | Mapped {/users/:id, GET} route;
2022-02-05T01:06:58.192Z | info | Mapped {/users/:id, PUT} route;
2022-02-05T01:06:58.193Z | info | Mapped {/users/:id, DELETE} route;
2022-02-05T01:06:58.194Z | info | BoardController {/boards}:;
2022-02-05T01:06:58.194Z | info | Mapped {/boards, POST} route;
2022-02-05T01:06:58.195Z | info | Mapped {/boards, GET} route;
2022-02-05T01:06:58.196Z | info | Mapped {/boards/:id, GET} route;
2022-02-05T01:06:58.197Z | info | Mapped {/boards/:id, PUT} route;
2022-02-05T01:06:58.198Z | info | Mapped {/boards/:id, DELETE} route;
2022-02-05T01:06:58.198Z | info | TaskController {/boards/:boardId}:;
2022-02-05T01:06:58.199Z | info | Mapped {/boards/:boardId/tasks, POST} route;
2022-02-05T01:06:58.200Z | info | Mapped {/boards/:boardId/tasks, GET} route;
2022-02-05T01:06:58.200Z | info | Mapped {/boards/:boardId/tasks/:taskId, GET} route;
2022-02-05T01:06:58.201Z | info | Mapped {/boards/:boardId/tasks/:taskId, PUT} route;
2022-02-05T01:06:58.202Z | info | Mapped {/boards/:boardId/tasks/:taskId, DELETE} route;
2022-02-05T01:06:58.202Z | info | LoginController {/login}:;
2022-02-05T01:06:58.203Z | info | Mapped {/login, POST} route;
2022-02-05T01:06:58.203Z | info | FileController {/file}:;
2022-02-05T01:06:58.204Z | info | Mapped {/file, POST} route;
2022-02-05T01:06:58.204Z | info | Mapped {/file/:file, GET} route;
2022-02-05T01:06:58.207Z | info | Nest application successfully started;
2022-02-05T01:06:58.214Z | info | Server started on port 4000;
2022-02-05T01:07:02.481Z | info | OPTIONS /file/test 204 No Content body: undefined query: undefined;
2022-02-05T01:07:02.488Z | error | GET /file/test 500 Internal Server Error body: undefined query: undefined;
2022-02-05T01:08:54.488Z | info | Starting Nest application...;
2022-02-05T01:08:54.560Z | info | TypeOrmModule dependencies initialized;
2022-02-05T01:08:54.560Z | info | ColumnModule dependencies initialized;
2022-02-05T01:08:54.561Z | info | AppModule dependencies initialized;
2022-02-05T01:08:54.561Z | info | FileModule dependencies initialized;
2022-02-05T01:08:54.631Z | info | TypeOrmCoreModule dependencies initialized;
2022-02-05T01:08:54.631Z | info | TypeOrmModule dependencies initialized;
2022-02-05T01:08:54.632Z | info | TypeOrmModule dependencies initialized;
2022-02-05T01:08:54.632Z | info | TypeOrmModule dependencies initialized;
2022-02-05T01:08:54.632Z | info | TypeOrmModule dependencies initialized;
2022-02-05T01:08:54.636Z | info | UserModule dependencies initialized;
2022-02-05T01:08:54.636Z | info | BoardModule dependencies initialized;
2022-02-05T01:08:54.636Z | info | LoginModule dependencies initialized;
2022-02-05T01:08:54.636Z | info | TaskModule dependencies initialized;
2022-02-05T01:08:54.678Z | info | UserController {/users}:;
2022-02-05T01:08:54.681Z | info | Mapped {/users, POST} route;
2022-02-05T01:08:54.682Z | info | Mapped {/users, GET} route;
2022-02-05T01:08:54.683Z | info | Mapped {/users/:id, GET} route;
2022-02-05T01:08:54.684Z | info | Mapped {/users/:id, PUT} route;
2022-02-05T01:08:54.685Z | info | Mapped {/users/:id, DELETE} route;
2022-02-05T01:08:54.685Z | info | BoardController {/boards}:;
2022-02-05T01:08:54.686Z | info | Mapped {/boards, POST} route;
2022-02-05T01:08:54.687Z | info | Mapped {/boards, GET} route;
2022-02-05T01:08:54.687Z | info | Mapped {/boards/:id, GET} route;
2022-02-05T01:08:54.688Z | info | Mapped {/boards/:id, PUT} route;
2022-02-05T01:08:54.689Z | info | Mapped {/boards/:id, DELETE} route;
2022-02-05T01:08:54.689Z | info | TaskController {/boards/:boardId}:;
2022-02-05T01:08:54.690Z | info | Mapped {/boards/:boardId/tasks, POST} route;
2022-02-05T01:08:54.691Z | info | Mapped {/boards/:boardId/tasks, GET} route;
2022-02-05T01:08:54.692Z | info | Mapped {/boards/:boardId/tasks/:taskId, GET} route;
2022-02-05T01:08:54.692Z | info | Mapped {/boards/:boardId/tasks/:taskId, PUT} route;
2022-02-05T01:08:54.693Z | info | Mapped {/boards/:boardId/tasks/:taskId, DELETE} route;
2022-02-05T01:08:54.693Z | info | LoginController {/login}:;
2022-02-05T01:08:54.694Z | info | Mapped {/login, POST} route;
2022-02-05T01:08:54.694Z | info | FileController {/file}:;
2022-02-05T01:08:54.695Z | info | Mapped {/file, POST} route;
2022-02-05T01:08:54.695Z | info | Mapped {/file/:file, GET} route;
2022-02-05T01:08:54.699Z | info | Nest application successfully started;
2022-02-05T01:08:54.705Z | info | Server started on port 4000;
2022-02-05T01:09:17.742Z | info | Starting Nest application...;
2022-02-05T01:09:17.808Z | info | TypeOrmModule dependencies initialized;
2022-02-05T01:09:17.809Z | info | ColumnModule dependencies initialized;
2022-02-05T01:09:17.809Z | info | AppModule dependencies initialized;
2022-02-05T01:09:17.809Z | info | FileModule dependencies initialized;
2022-02-05T01:09:17.874Z | info | TypeOrmCoreModule dependencies initialized;
2022-02-05T01:09:17.875Z | info | TypeOrmModule dependencies initialized;
2022-02-05T01:09:17.875Z | info | TypeOrmModule dependencies initialized;
2022-02-05T01:09:17.875Z | info | TypeOrmModule dependencies initialized;
2022-02-05T01:09:17.875Z | info | TypeOrmModule dependencies initialized;
2022-02-05T01:09:17.879Z | info | UserModule dependencies initialized;
2022-02-05T01:09:17.879Z | info | BoardModule dependencies initialized;
2022-02-05T01:09:17.879Z | info | LoginModule dependencies initialized;
2022-02-05T01:09:17.879Z | info | TaskModule dependencies initialized;
2022-02-05T01:09:17.914Z | info | UserController {/users}:;
2022-02-05T01:09:17.916Z | info | Mapped {/users, POST} route;
2022-02-05T01:09:17.917Z | info | Mapped {/users, GET} route;
2022-02-05T01:09:17.918Z | info | Mapped {/users/:id, GET} route;
2022-02-05T01:09:17.919Z | info | Mapped {/users/:id, PUT} route;
2022-02-05T01:09:17.920Z | info | Mapped {/users/:id, DELETE} route;
2022-02-05T01:09:17.920Z | info | BoardController {/boards}:;
2022-02-05T01:09:17.921Z | info | Mapped {/boards, POST} route;
2022-02-05T01:09:17.922Z | info | Mapped {/boards, GET} route;
2022-02-05T01:09:17.923Z | info | Mapped {/boards/:id, GET} route;
2022-02-05T01:09:17.924Z | info | Mapped {/boards/:id, PUT} route;
2022-02-05T01:09:17.924Z | info | Mapped {/boards/:id, DELETE} route;
2022-02-05T01:09:17.925Z | info | TaskController {/boards/:boardId}:;
2022-02-05T01:09:17.925Z | info | Mapped {/boards/:boardId/tasks, POST} route;
2022-02-05T01:09:17.926Z | info | Mapped {/boards/:boardId/tasks, GET} route;
2022-02-05T01:09:17.927Z | info | Mapped {/boards/:boardId/tasks/:taskId, GET} route;
2022-02-05T01:09:17.927Z | info | Mapped {/boards/:boardId/tasks/:taskId, PUT} route;
2022-02-05T01:09:17.928Z | info | Mapped {/boards/:boardId/tasks/:taskId, DELETE} route;
2022-02-05T01:09:17.928Z | info | LoginController {/login}:;
2022-02-05T01:09:17.929Z | info | Mapped {/login, POST} route;
2022-02-05T01:09:17.929Z | info | FileController {/file}:;
2022-02-05T01:09:17.930Z | info | Mapped {/file, POST} route;
2022-02-05T01:09:17.930Z | info | Mapped {/file/:file, GET} route;
2022-02-05T01:09:17.933Z | info | Nest application successfully started;
2022-02-05T01:09:17.940Z | info | Server started on port 4000;
2022-02-05T01:09:20.758Z | info | OPTIONS /file/test 204 No Content body: undefined query: undefined;
2022-02-05T01:09:20.767Z | error | GET /file/test 500 Internal Server Error body: undefined query: undefined;
2022-02-05T01:09:23.179Z | error | GET /file/test 500 Internal Server Error body: undefined query: undefined;
2022-02-05T01:09:53.186Z | info | OPTIONS /file/test 204 No Content body: undefined query: undefined;
2022-02-05T01:09:53.189Z | error | GET /file/test 500 Internal Server Error body: undefined query: undefined;
2022-02-05T01:09:54.009Z | error | GET /file/test 500 Internal Server Error body: undefined query: undefined;
2022-02-05T01:13:09.870Z | info | Starting Nest application...;
2022-02-05T01:13:09.943Z | info | TypeOrmModule dependencies initialized;
2022-02-05T01:13:09.944Z | info | ColumnModule dependencies initialized;
2022-02-05T01:13:09.944Z | info | AppModule dependencies initialized;
2022-02-05T01:13:09.944Z | info | FileModule dependencies initialized;
2022-02-05T01:13:10.018Z | info | TypeOrmCoreModule dependencies initialized;
2022-02-05T01:13:10.018Z | info | TypeOrmModule dependencies initialized;
2022-02-05T01:13:10.018Z | info | TypeOrmModule dependencies initialized;
2022-02-05T01:13:10.018Z | info | TypeOrmModule dependencies initialized;
2022-02-05T01:13:10.018Z | info | TypeOrmModule dependencies initialized;
2022-02-05T01:13:10.023Z | info | UserModule dependencies initialized;
2022-02-05T01:13:10.023Z | info | BoardModule dependencies initialized;
2022-02-05T01:13:10.023Z | info | LoginModule dependencies initialized;
2022-02-05T01:13:10.023Z | info | TaskModule dependencies initialized;
2022-02-05T01:13:10.061Z | info | UserController {/users}:;
2022-02-05T01:13:10.064Z | info | Mapped {/users, POST} route;
2022-02-05T01:13:10.065Z | info | Mapped {/users, GET} route;
2022-02-05T01:13:10.066Z | info | Mapped {/users/:id, GET} route;
2022-02-05T01:13:10.068Z | info | Mapped {/users/:id, PUT} route;
2022-02-05T01:13:10.069Z | info | Mapped {/users/:id, DELETE} route;
2022-02-05T01:13:10.069Z | info | BoardController {/boards}:;
2022-02-05T01:13:10.070Z | info | Mapped {/boards, POST} route;
2022-02-05T01:13:10.071Z | info | Mapped {/boards, GET} route;
2022-02-05T01:13:10.072Z | info | Mapped {/boards/:id, GET} route;
2022-02-05T01:13:10.073Z | info | Mapped {/boards/:id, PUT} route;
2022-02-05T01:13:10.073Z | info | Mapped {/boards/:id, DELETE} route;
2022-02-05T01:13:10.074Z | info | TaskController {/boards/:boardId}:;
2022-02-05T01:13:10.074Z | info | Mapped {/boards/:boardId/tasks, POST} route;
2022-02-05T01:13:10.075Z | info | Mapped {/boards/:boardId/tasks, GET} route;
2022-02-05T01:13:10.076Z | info | Mapped {/boards/:boardId/tasks/:taskId, GET} route;
2022-02-05T01:13:10.077Z | info | Mapped {/boards/:boardId/tasks/:taskId, PUT} route;
2022-02-05T01:13:10.078Z | info | Mapped {/boards/:boardId/tasks/:taskId, DELETE} route;
2022-02-05T01:13:10.078Z | info | LoginController {/login}:;
2022-02-05T01:13:10.078Z | info | Mapped {/login, POST} route;
2022-02-05T01:13:10.078Z | info | FileController {/file}:;
2022-02-05T01:13:10.079Z | info | Mapped {/file, POST} route;
2022-02-05T01:13:10.080Z | info | Mapped {/file/:file, GET} route;
2022-02-05T01:13:10.083Z | info | Nest application successfully started;
2022-02-05T01:13:10.090Z | info | Server started on port 4000;
2022-02-05T01:13:47.387Z | info | Starting Nest application...;
2022-02-05T01:13:47.453Z | info | TypeOrmModule dependencies initialized;
2022-02-05T01:13:47.454Z | info | ColumnModule dependencies initialized;
2022-02-05T01:13:47.454Z | info | AppModule dependencies initialized;
2022-02-05T01:13:47.454Z | info | FileModule dependencies initialized;
2022-02-05T01:13:47.532Z | info | TypeOrmCoreModule dependencies initialized;
2022-02-05T01:13:47.532Z | info | TypeOrmModule dependencies initialized;
2022-02-05T01:13:47.532Z | info | TypeOrmModule dependencies initialized;
2022-02-05T01:13:47.532Z | info | TypeOrmModule dependencies initialized;
2022-02-05T01:13:47.533Z | info | TypeOrmModule dependencies initialized;
2022-02-05T01:13:47.536Z | info | UserModule dependencies initialized;
2022-02-05T01:13:47.536Z | info | BoardModule dependencies initialized;
2022-02-05T01:13:47.537Z | info | LoginModule dependencies initialized;
2022-02-05T01:13:47.537Z | info | TaskModule dependencies initialized;
2022-02-05T01:13:47.578Z | info | UserController {/users}:;
2022-02-05T01:13:47.581Z | info | Mapped {/users, POST} route;
2022-02-05T01:13:47.582Z | info | Mapped {/users, GET} route;
2022-02-05T01:13:47.583Z | info | Mapped {/users/:id, GET} route;
2022-02-05T01:13:47.584Z | info | Mapped {/users/:id, PUT} route;
2022-02-05T01:13:47.585Z | info | Mapped {/users/:id, DELETE} route;
2022-02-05T01:13:47.585Z | info | BoardController {/boards}:;
2022-02-05T01:13:47.586Z | info | Mapped {/boards, POST} route;
2022-02-05T01:13:47.587Z | info | Mapped {/boards, GET} route;
2022-02-05T01:13:47.588Z | info | Mapped {/boards/:id, GET} route;
2022-02-05T01:13:47.589Z | info | Mapped {/boards/:id, PUT} route;
2022-02-05T01:13:47.590Z | info | Mapped {/boards/:id, DELETE} route;
2022-02-05T01:13:47.590Z | info | TaskController {/boards/:boardId}:;
2022-02-05T01:13:47.591Z | info | Mapped {/boards/:boardId/tasks, POST} route;
2022-02-05T01:13:47.591Z | info | Mapped {/boards/:boardId/tasks, GET} route;
2022-02-05T01:13:47.592Z | info | Mapped {/boards/:boardId/tasks/:taskId, GET} route;
2022-02-05T01:13:47.593Z | info | Mapped {/boards/:boardId/tasks/:taskId, PUT} route;
2022-02-05T01:13:47.593Z | info | Mapped {/boards/:boardId/tasks/:taskId, DELETE} route;
2022-02-05T01:13:47.594Z | info | LoginController {/login}:;
2022-02-05T01:13:47.594Z | info | Mapped {/login, POST} route;
2022-02-05T01:13:47.594Z | info | FileController {/file}:;
2022-02-05T01:13:47.595Z | info | Mapped {/file, POST} route;
2022-02-05T01:13:47.596Z | info | Mapped {/file/:file, GET} route;
2022-02-05T01:13:47.599Z | info | Nest application successfully started;
2022-02-05T01:13:47.606Z | info | Server started on port 4000;
2022-02-05T01:14:09.133Z | info | OPTIONS /file/test 204 No Content body: undefined query: undefined;
2022-02-05T01:14:09.142Z | error | GET /file/test 500 Internal Server Error body: undefined query: undefined;
2022-02-05T01:14:32.209Z | info | OPTIONS /file 204 No Content body: undefined query: undefined;
2022-02-05T01:14:32.214Z | info | POST /file 201 Created body: undefined query: undefined;
2022-02-05T01:14:48.983Z | info | OPTIONS /file 204 No Content body: undefined query: undefined;
2022-02-05T01:14:48.988Z | warn | POST /file 415 Unsupported Media Type body: undefined query: undefined;
2022-02-05T01:15:17.276Z | info | OPTIONS /file 204 No Content body: undefined query: undefined;
2022-02-05T01:15:17.278Z | warn | POST /file 415 Unsupported Media Type body: undefined query: undefined;
2022-02-05T01:16:54.216Z | info | OPTIONS /file 204 No Content body: undefined query: undefined;
2022-02-05T01:16:54.219Z | warn | POST /file 415 Unsupported Media Type body: undefined query: undefined;
2022-02-05T01:17:54.285Z | info | Starting Nest application...;
2022-02-05T01:17:54.360Z | info | TypeOrmModule dependencies initialized;
2022-02-05T01:17:54.360Z | info | ColumnModule dependencies initialized;
2022-02-05T01:17:54.361Z | info | AppModule dependencies initialized;
2022-02-05T01:17:54.361Z | info | FileModule dependencies initialized;
2022-02-05T01:17:54.436Z | info | TypeOrmCoreModule dependencies initialized;
2022-02-05T01:17:54.436Z | info | TypeOrmModule dependencies initialized;
2022-02-05T01:17:54.436Z | info | TypeOrmModule dependencies initialized;
2022-02-05T01:17:54.436Z | info | TypeOrmModule dependencies initialized;
2022-02-05T01:17:54.437Z | info | TypeOrmModule dependencies initialized;
2022-02-05T01:17:54.440Z | info | UserModule dependencies initialized;
2022-02-05T01:17:54.440Z | info | BoardModule dependencies initialized;
2022-02-05T01:17:54.440Z | info | LoginModule dependencies initialized;
2022-02-05T01:17:54.440Z | info | TaskModule dependencies initialized;
2022-02-05T01:17:54.477Z | info | UserController {/users}:;
2022-02-05T01:17:54.480Z | info | Mapped {/users, POST} route;
2022-02-05T01:17:54.481Z | info | Mapped {/users, GET} route;
2022-02-05T01:17:54.482Z | info | Mapped {/users/:id, GET} route;
2022-02-05T01:17:54.482Z | info | Mapped {/users/:id, PUT} route;
2022-02-05T01:17:54.483Z | info | Mapped {/users/:id, DELETE} route;
2022-02-05T01:17:54.483Z | info | BoardController {/boards}:;
2022-02-05T01:17:54.484Z | info | Mapped {/boards, POST} route;
2022-02-05T01:17:54.485Z | info | Mapped {/boards, GET} route;
2022-02-05T01:17:54.486Z | info | Mapped {/boards/:id, GET} route;
2022-02-05T01:17:54.487Z | info | Mapped {/boards/:id, PUT} route;
2022-02-05T01:17:54.487Z | info | Mapped {/boards/:id, DELETE} route;
2022-02-05T01:17:54.487Z | info | TaskController {/boards/:boardId}:;
2022-02-05T01:17:54.488Z | info | Mapped {/boards/:boardId/tasks, POST} route;
2022-02-05T01:17:54.489Z | info | Mapped {/boards/:boardId/tasks, GET} route;
2022-02-05T01:17:54.489Z | info | Mapped {/boards/:boardId/tasks/:taskId, GET} route;
2022-02-05T01:17:54.490Z | info | Mapped {/boards/:boardId/tasks/:taskId, PUT} route;
2022-02-05T01:17:54.491Z | info | Mapped {/boards/:boardId/tasks/:taskId, DELETE} route;
2022-02-05T01:17:54.491Z | info | LoginController {/login}:;
2022-02-05T01:17:54.491Z | info | Mapped {/login, POST} route;
2022-02-05T01:17:54.491Z | info | FileController {/file}:;
2022-02-05T01:17:54.492Z | info | Mapped {/file, POST} route;
2022-02-05T01:17:54.493Z | info | Mapped {/file/:file, GET} route;
2022-02-05T01:17:54.495Z | info | Nest application successfully started;
2022-02-05T01:17:54.501Z | info | Server started on port 4000;
2022-02-05T01:17:57.548Z | info | OPTIONS /file 204 No Content body: undefined query: undefined;
2022-02-05T01:17:57.552Z | warn | POST /file 415 Unsupported Media Type body: undefined query: undefined;
2022-02-05T01:18:01.176Z | warn | POST /file 415 Unsupported Media Type body: undefined query: undefined;
2022-02-05T01:18:01.733Z | warn | POST /file 415 Unsupported Media Type body: undefined query: undefined;
2022-02-05T01:18:02.072Z | warn | POST /file 415 Unsupported Media Type body: undefined query: undefined;
2022-02-05T01:19:09.634Z | info | Starting Nest application...;
2022-02-05T01:19:09.711Z | info | TypeOrmModule dependencies initialized;
2022-02-05T01:19:09.711Z | info | ColumnModule dependencies initialized;
2022-02-05T01:19:09.712Z | info | AppModule dependencies initialized;
2022-02-05T01:19:09.712Z | info | FileModule dependencies initialized;
2022-02-05T01:19:09.787Z | info | TypeOrmCoreModule dependencies initialized;
2022-02-05T01:19:09.788Z | info | TypeOrmModule dependencies initialized;
2022-02-05T01:19:09.788Z | info | TypeOrmModule dependencies initialized;
2022-02-05T01:19:09.788Z | info | TypeOrmModule dependencies initialized;
2022-02-05T01:19:09.788Z | info | TypeOrmModule dependencies initialized;
2022-02-05T01:19:09.792Z | info | UserModule dependencies initialized;
2022-02-05T01:19:09.792Z | info | BoardModule dependencies initialized;
2022-02-05T01:19:09.793Z | info | LoginModule dependencies initialized;
2022-02-05T01:19:09.793Z | info | TaskModule dependencies initialized;
2022-02-05T01:19:09.828Z | info | UserController {/users}:;
2022-02-05T01:19:09.831Z | info | Mapped {/users, POST} route;
2022-02-05T01:19:09.832Z | info | Mapped {/users, GET} route;
2022-02-05T01:19:09.833Z | info | Mapped {/users/:id, GET} route;
2022-02-05T01:19:09.834Z | info | Mapped {/users/:id, PUT} route;
2022-02-05T01:19:09.835Z | info | Mapped {/users/:id, DELETE} route;
2022-02-05T01:19:09.835Z | info | BoardController {/boards}:;
2022-02-05T01:19:09.836Z | info | Mapped {/boards, POST} route;
2022-02-05T01:19:09.836Z | info | Mapped {/boards, GET} route;
2022-02-05T01:19:09.837Z | info | Mapped {/boards/:id, GET} route;
2022-02-05T01:19:09.838Z | info | Mapped {/boards/:id, PUT} route;
2022-02-05T01:19:09.839Z | info | Mapped {/boards/:id, DELETE} route;
2022-02-05T01:19:09.840Z | info | TaskController {/boards/:boardId}:;
2022-02-05T01:19:09.840Z | info | Mapped {/boards/:boardId/tasks, POST} route;
2022-02-05T01:19:09.841Z | info | Mapped {/boards/:boardId/tasks, GET} route;
2022-02-05T01:19:09.842Z | info | Mapped {/boards/:boardId/tasks/:taskId, GET} route;
2022-02-05T01:19:09.843Z | info | Mapped {/boards/:boardId/tasks/:taskId, PUT} route;
2022-02-05T01:19:09.843Z | info | Mapped {/boards/:boardId/tasks/:taskId, DELETE} route;
2022-02-05T01:19:09.843Z | info | LoginController {/login}:;
2022-02-05T01:19:09.844Z | info | Mapped {/login, POST} route;
2022-02-05T01:19:09.844Z | info | FileController {/file}:;
2022-02-05T01:19:09.845Z | info | Mapped {/file, POST} route;
2022-02-05T01:19:09.846Z | info | Mapped {/file/:file, GET} route;
2022-02-05T01:19:09.849Z | info | Nest application successfully started;
2022-02-05T01:19:09.856Z | info | Server started on port 4000;
2022-02-05T01:19:52.870Z | info | Starting Nest application...;
2022-02-05T01:19:52.939Z | info | TypeOrmModule dependencies initialized;
2022-02-05T01:19:52.939Z | info | ColumnModule dependencies initialized;
2022-02-05T01:19:52.940Z | info | AppModule dependencies initialized;
2022-02-05T01:19:52.940Z | info | FileModule dependencies initialized;
2022-02-05T01:19:53.017Z | info | TypeOrmCoreModule dependencies initialized;
2022-02-05T01:19:53.018Z | info | TypeOrmModule dependencies initialized;
2022-02-05T01:19:53.018Z | info | TypeOrmModule dependencies initialized;
2022-02-05T01:19:53.018Z | info | TypeOrmModule dependencies initialized;
2022-02-05T01:19:53.018Z | info | TypeOrmModule dependencies initialized;
2022-02-05T01:19:53.022Z | info | UserModule dependencies initialized;
2022-02-05T01:19:53.022Z | info | BoardModule dependencies initialized;
2022-02-05T01:19:53.023Z | info | LoginModule dependencies initialized;
2022-02-05T01:19:53.023Z | info | TaskModule dependencies initialized;
2022-02-05T01:19:53.056Z | info | UserController {/users}:;
2022-02-05T01:19:53.059Z | info | Mapped {/users, POST} route;
2022-02-05T01:19:53.060Z | info | Mapped {/users, GET} route;
2022-02-05T01:19:53.061Z | info | Mapped {/users/:id, GET} route;
2022-02-05T01:19:53.062Z | info | Mapped {/users/:id, PUT} route;
2022-02-05T01:19:53.063Z | info | Mapped {/users/:id, DELETE} route;
2022-02-05T01:19:53.063Z | info | BoardController {/boards}:;
2022-02-05T01:19:53.063Z | info | Mapped {/boards, POST} route;
2022-02-05T01:19:53.064Z | info | Mapped {/boards, GET} route;
2022-02-05T01:19:53.065Z | info | Mapped {/boards/:id, GET} route;
2022-02-05T01:19:53.066Z | info | Mapped {/boards/:id, PUT} route;
2022-02-05T01:19:53.066Z | info | Mapped {/boards/:id, DELETE} route;
2022-02-05T01:19:53.067Z | info | TaskController {/boards/:boardId}:;
2022-02-05T01:19:53.067Z | info | Mapped {/boards/:boardId/tasks, POST} route;
2022-02-05T01:19:53.068Z | info | Mapped {/boards/:boardId/tasks, GET} route;
2022-02-05T01:19:53.069Z | info | Mapped {/boards/:boardId/tasks/:taskId, GET} route;
2022-02-05T01:19:53.069Z | info | Mapped {/boards/:boardId/tasks/:taskId, PUT} route;
2022-02-05T01:19:53.070Z | info | Mapped {/boards/:boardId/tasks/:taskId, DELETE} route;
2022-02-05T01:19:53.070Z | info | LoginController {/login}:;
2022-02-05T01:19:53.070Z | info | Mapped {/login, POST} route;
2022-02-05T01:19:53.070Z | info | FileController {/file}:;
2022-02-05T01:19:53.071Z | info | Mapped {/file, POST} route;
2022-02-05T01:19:53.072Z | info | Mapped {/file/:file, GET} route;
2022-02-05T01:19:53.074Z | info | Nest application successfully started;
2022-02-05T01:19:53.080Z | info | Server started on port 4000;
2022-02-05T01:20:15.216Z | info | Starting Nest application...;
2022-02-05T01:20:15.292Z | info | TypeOrmModule dependencies initialized;
2022-02-05T01:20:15.293Z | info | ColumnModule dependencies initialized;
2022-02-05T01:20:15.293Z | info | AppModule dependencies initialized;
2022-02-05T01:20:15.293Z | info | FileModule dependencies initialized;
2022-02-05T01:20:15.370Z | info | TypeOrmCoreModule dependencies initialized;
2022-02-05T01:20:15.370Z | info | TypeOrmModule dependencies initialized;
2022-02-05T01:20:15.370Z | info | TypeOrmModule dependencies initialized;
2022-02-05T01:20:15.370Z | info | TypeOrmModule dependencies initialized;
2022-02-05T01:20:15.370Z | info | TypeOrmModule dependencies initialized;
2022-02-05T01:20:15.374Z | info | UserModule dependencies initialized;
2022-02-05T01:20:15.374Z | info | BoardModule dependencies initialized;
2022-02-05T01:20:15.375Z | info | LoginModule dependencies initialized;
2022-02-05T01:20:15.375Z | info | TaskModule dependencies initialized;
2022-02-05T01:20:15.421Z | info | UserController {/users}:;
2022-02-05T01:20:15.424Z | info | Mapped {/users, POST} route;
2022-02-05T01:20:15.425Z | info | Mapped {/users, GET} route;
2022-02-05T01:20:15.426Z | info | Mapped {/users/:id, GET} route;
2022-02-05T01:20:15.427Z | info | Mapped {/users/:id, PUT} route;
2022-02-05T01:20:15.428Z | info | Mapped {/users/:id, DELETE} route;
2022-02-05T01:20:15.428Z | info | BoardController {/boards}:;
2022-02-05T01:20:15.429Z | info | Mapped {/boards, POST} route;
2022-02-05T01:20:15.430Z | info | Mapped {/boards, GET} route;
2022-02-05T01:20:15.430Z | info | Mapped {/boards/:id, GET} route;
2022-02-05T01:20:15.431Z | info | Mapped {/boards/:id, PUT} route;
2022-02-05T01:20:15.432Z | info | Mapped {/boards/:id, DELETE} route;
2022-02-05T01:20:15.432Z | info | TaskController {/boards/:boardId}:;
2022-02-05T01:20:15.433Z | info | Mapped {/boards/:boardId/tasks, POST} route;
2022-02-05T01:20:15.434Z | info | Mapped {/boards/:boardId/tasks, GET} route;
2022-02-05T01:20:15.435Z | info | Mapped {/boards/:boardId/tasks/:taskId, GET} route;
2022-02-05T01:20:15.435Z | info | Mapped {/boards/:boardId/tasks/:taskId, PUT} route;
2022-02-05T01:20:15.436Z | info | Mapped {/boards/:boardId/tasks/:taskId, DELETE} route;
2022-02-05T01:20:15.436Z | info | LoginController {/login}:;
2022-02-05T01:20:15.437Z | info | Mapped {/login, POST} route;
2022-02-05T01:20:15.437Z | info | FileController {/file}:;
2022-02-05T01:20:15.438Z | info | Mapped {/file, POST} route;
2022-02-05T01:20:15.438Z | info | Mapped {/file/:file, GET} route;
2022-02-05T01:20:15.442Z | info | Nest application successfully started;
2022-02-05T01:20:15.448Z | info | Server started on port 4000;
2022-02-05T01:20:19.276Z | info | OPTIONS /file 204 No Content body: undefined query: undefined;
2022-02-05T01:20:19.281Z | warn | POST /file 415 Unsupported Media Type body: undefined query: undefined;
2022-02-05T01:20:20.134Z | warn | POST /file 415 Unsupported Media Type body: undefined query: undefined;
2022-02-05T01:20:27.971Z | info | Starting Nest application...;
2022-02-05T01:20:28.036Z | info | TypeOrmModule dependencies initialized;
2022-02-05T01:20:28.036Z | info | ColumnModule dependencies initialized;
2022-02-05T01:20:28.036Z | info | AppModule dependencies initialized;
2022-02-05T01:20:28.037Z | info | FileModule dependencies initialized;
2022-02-05T01:20:28.104Z | info | TypeOrmCoreModule dependencies initialized;
2022-02-05T01:20:28.105Z | info | TypeOrmModule dependencies initialized;
2022-02-05T01:20:28.105Z | info | TypeOrmModule dependencies initialized;
2022-02-05T01:20:28.105Z | info | TypeOrmModule dependencies initialized;
2022-02-05T01:20:28.105Z | info | TypeOrmModule dependencies initialized;
2022-02-05T01:20:28.109Z | info | UserModule dependencies initialized;
2022-02-05T01:20:28.109Z | info | BoardModule dependencies initialized;
2022-02-05T01:20:28.110Z | info | LoginModule dependencies initialized;
2022-02-05T01:20:28.110Z | info | TaskModule dependencies initialized;
2022-02-05T01:20:28.146Z | info | UserController {/users}:;
2022-02-05T01:20:28.149Z | info | Mapped {/users, POST} route;
2022-02-05T01:20:28.150Z | info | Mapped {/users, GET} route;
2022-02-05T01:20:28.151Z | info | Mapped {/users/:id, GET} route;
2022-02-05T01:20:28.152Z | info | Mapped {/users/:id, PUT} route;
2022-02-05T01:20:28.153Z | info | Mapped {/users/:id, DELETE} route;
2022-02-05T01:20:28.153Z | info | BoardController {/boards}:;
2022-02-05T01:20:28.153Z | info | Mapped {/boards, POST} route;
2022-02-05T01:20:28.154Z | info | Mapped {/boards, GET} route;
2022-02-05T01:20:28.155Z | info | Mapped {/boards/:id, GET} route;
2022-02-05T01:20:28.156Z | info | Mapped {/boards/:id, PUT} route;
2022-02-05T01:20:28.157Z | info | Mapped {/boards/:id, DELETE} route;
2022-02-05T01:20:28.157Z | info | TaskController {/boards/:boardId}:;
2022-02-05T01:20:28.158Z | info | Mapped {/boards/:boardId/tasks, POST} route;
2022-02-05T01:20:28.159Z | info | Mapped {/boards/:boardId/tasks, GET} route;
2022-02-05T01:20:28.160Z | info | Mapped {/boards/:boardId/tasks/:taskId, GET} route;
2022-02-05T01:20:28.160Z | info | Mapped {/boards/:boardId/tasks/:taskId, PUT} route;
2022-02-05T01:20:28.161Z | info | Mapped {/boards/:boardId/tasks/:taskId, DELETE} route;
2022-02-05T01:20:28.161Z | info | LoginController {/login}:;
2022-02-05T01:20:28.162Z | info | Mapped {/login, POST} route;
2022-02-05T01:20:28.162Z | info | FileController {/file}:;
2022-02-05T01:20:28.163Z | info | Mapped {/file, POST} route;
2022-02-05T01:20:28.163Z | info | Mapped {/file/:file, GET} route;
2022-02-05T01:20:28.167Z | info | Nest application successfully started;
2022-02-05T01:20:28.173Z | info | Server started on port 4000;
2022-02-05T01:22:16.552Z | info | Starting Nest application...;
2022-02-05T01:22:16.625Z | info | TypeOrmModule dependencies initialized;
2022-02-05T01:22:16.625Z | info | ColumnModule dependencies initialized;
2022-02-05T01:22:16.626Z | info | AppModule dependencies initialized;
2022-02-05T01:22:16.626Z | info | FileModule dependencies initialized;
2022-02-05T01:22:16.692Z | info | TypeOrmCoreModule dependencies initialized;
2022-02-05T01:22:16.692Z | info | TypeOrmModule dependencies initialized;
2022-02-05T01:22:16.692Z | info | TypeOrmModule dependencies initialized;
2022-02-05T01:22:16.692Z | info | TypeOrmModule dependencies initialized;
2022-02-05T01:22:16.692Z | info | TypeOrmModule dependencies initialized;
2022-02-05T01:22:16.696Z | info | UserModule dependencies initialized;
2022-02-05T01:22:16.696Z | info | BoardModule dependencies initialized;
2022-02-05T01:22:16.696Z | info | LoginModule dependencies initialized;
2022-02-05T01:22:16.696Z | info | TaskModule dependencies initialized;
2022-02-05T01:22:16.734Z | info | UserController {/users}:;
2022-02-05T01:22:16.737Z | info | Mapped {/users, POST} route;
2022-02-05T01:22:16.738Z | info | Mapped {/users, GET} route;
2022-02-05T01:22:16.739Z | info | Mapped {/users/:id, GET} route;
2022-02-05T01:22:16.740Z | info | Mapped {/users/:id, PUT} route;
2022-02-05T01:22:16.741Z | info | Mapped {/users/:id, DELETE} route;
2022-02-05T01:22:16.741Z | info | BoardController {/boards}:;
2022-02-05T01:22:16.742Z | info | Mapped {/boards, POST} route;
2022-02-05T01:22:16.742Z | info | Mapped {/boards, GET} route;
2022-02-05T01:22:16.743Z | info | Mapped {/boards/:id, GET} route;
2022-02-05T01:22:16.744Z | info | Mapped {/boards/:id, PUT} route;
2022-02-05T01:22:16.745Z | info | Mapped {/boards/:id, DELETE} route;
2022-02-05T01:22:16.745Z | info | TaskController {/boards/:boardId}:;
2022-02-05T01:22:16.746Z | info | Mapped {/boards/:boardId/tasks, POST} route;
2022-02-05T01:22:16.747Z | info | Mapped {/boards/:boardId/tasks, GET} route;
2022-02-05T01:22:16.747Z | info | Mapped {/boards/:boardId/tasks/:taskId, GET} route;
2022-02-05T01:22:16.748Z | info | Mapped {/boards/:boardId/tasks/:taskId, PUT} route;
2022-02-05T01:22:16.749Z | info | Mapped {/boards/:boardId/tasks/:taskId, DELETE} route;
2022-02-05T01:22:16.749Z | info | LoginController {/login}:;
2022-02-05T01:22:16.749Z | info | Mapped {/login, POST} route;
2022-02-05T01:22:16.750Z | info | FileController {/file}:;
2022-02-05T01:22:16.750Z | info | Mapped {/file, POST} route;
2022-02-05T01:22:16.751Z | info | Mapped {/file/:file, GET} route;
2022-02-05T01:22:16.754Z | info | Nest application successfully started;
2022-02-05T01:22:16.761Z | info | Server started on port 4000;
2022-02-05T01:22:26.111Z | info | OPTIONS /file 204 No Content body: undefined query: undefined;
2022-02-05T01:22:26.116Z | warn | POST /file 415 Unsupported Media Type body: undefined query: undefined;
2022-02-05T01:22:36.735Z | info | Starting Nest application...;
2022-02-05T01:22:36.803Z | info | TypeOrmModule dependencies initialized;
2022-02-05T01:22:36.803Z | info | ColumnModule dependencies initialized;
2022-02-05T01:22:36.804Z | info | AppModule dependencies initialized;
2022-02-05T01:22:36.804Z | info | FileModule dependencies initialized;
2022-02-05T01:22:36.865Z | info | TypeOrmCoreModule dependencies initialized;
2022-02-05T01:22:36.865Z | info | TypeOrmModule dependencies initialized;
2022-02-05T01:22:36.866Z | info | TypeOrmModule dependencies initialized;
2022-02-05T01:22:36.866Z | info | TypeOrmModule dependencies initialized;
2022-02-05T01:22:36.866Z | info | TypeOrmModule dependencies initialized;
2022-02-05T01:22:36.870Z | info | UserModule dependencies initialized;
2022-02-05T01:22:36.870Z | info | BoardModule dependencies initialized;
2022-02-05T01:22:36.870Z | info | LoginModule dependencies initialized;
2022-02-05T01:22:36.870Z | info | TaskModule dependencies initialized;
2022-02-05T01:22:36.910Z | info | UserController {/users}:;
2022-02-05T01:22:36.913Z | info | Mapped {/users, POST} route;
2022-02-05T01:22:36.914Z | info | Mapped {/users, GET} route;
2022-02-05T01:22:36.915Z | info | Mapped {/users/:id, GET} route;
2022-02-05T01:22:36.916Z | info | Mapped {/users/:id, PUT} route;
2022-02-05T01:22:36.916Z | info | Mapped {/users/:id, DELETE} route;
2022-02-05T01:22:36.917Z | info | BoardController {/boards}:;
2022-02-05T01:22:36.917Z | info | Mapped {/boards, POST} route;
2022-02-05T01:22:36.918Z | info | Mapped {/boards, GET} route;
2022-02-05T01:22:36.919Z | info | Mapped {/boards/:id, GET} route;
2022-02-05T01:22:36.920Z | info | Mapped {/boards/:id, PUT} route;
2022-02-05T01:22:36.921Z | info | Mapped {/boards/:id, DELETE} route;
2022-02-05T01:22:36.921Z | info | TaskController {/boards/:boardId}:;
2022-02-05T01:22:36.922Z | info | Mapped {/boards/:boardId/tasks, POST} route;
2022-02-05T01:22:36.922Z | info | Mapped {/boards/:boardId/tasks, GET} route;
2022-02-05T01:22:36.923Z | info | Mapped {/boards/:boardId/tasks/:taskId, GET} route;
2022-02-05T01:22:36.924Z | info | Mapped {/boards/:boardId/tasks/:taskId, PUT} route;
2022-02-05T01:22:36.924Z | info | Mapped {/boards/:boardId/tasks/:taskId, DELETE} route;
2022-02-05T01:22:36.924Z | info | LoginController {/login}:;
2022-02-05T01:22:36.925Z | info | Mapped {/login, POST} route;
2022-02-05T01:22:36.925Z | info | FileController {/file}:;
2022-02-05T01:22:36.926Z | info | Mapped {/file, POST} route;
2022-02-05T01:22:36.927Z | info | Mapped {/file/:file, GET} route;
2022-02-05T01:22:36.929Z | info | Nest application successfully started;
2022-02-05T01:22:36.935Z | info | Server started on port 4000;
2022-02-05T01:23:21.897Z | info | Starting Nest application...;
2022-02-05T01:23:21.971Z | info | TypeOrmModule dependencies initialized;
2022-02-05T01:23:21.971Z | info | ColumnModule dependencies initialized;
2022-02-05T01:23:21.971Z | info | AppModule dependencies initialized;
2022-02-05T01:23:21.972Z | info | FileModule dependencies initialized;
2022-02-05T01:23:22.045Z | info | TypeOrmCoreModule dependencies initialized;
2022-02-05T01:23:22.045Z | info | TypeOrmModule dependencies initialized;
2022-02-05T01:23:22.045Z | info | TypeOrmModule dependencies initialized;
2022-02-05T01:23:22.045Z | info | TypeOrmModule dependencies initialized;
2022-02-05T01:23:22.045Z | info | TypeOrmModule dependencies initialized;
2022-02-05T01:23:22.049Z | info | UserModule dependencies initialized;
2022-02-05T01:23:22.049Z | info | BoardModule dependencies initialized;
2022-02-05T01:23:22.049Z | info | LoginModule dependencies initialized;
2022-02-05T01:23:22.049Z | info | TaskModule dependencies initialized;
2022-02-05T01:23:22.097Z | info | UserController {/users}:;
2022-02-05T01:23:22.100Z | info | Mapped {/users, POST} route;
2022-02-05T01:23:22.102Z | info | Mapped {/users, GET} route;
2022-02-05T01:23:22.103Z | info | Mapped {/users/:id, GET} route;
2022-02-05T01:23:22.104Z | info | Mapped {/users/:id, PUT} route;
2022-02-05T01:23:22.105Z | info | Mapped {/users/:id, DELETE} route;
2022-02-05T01:23:22.105Z | info | BoardController {/boards}:;
2022-02-05T01:23:22.106Z | info | Mapped {/boards, POST} route;
2022-02-05T01:23:22.106Z | info | Mapped {/boards, GET} route;
2022-02-05T01:23:22.107Z | info | Mapped {/boards/:id, GET} route;
2022-02-05T01:23:22.108Z | info | Mapped {/boards/:id, PUT} route;
2022-02-05T01:23:22.109Z | info | Mapped {/boards/:id, DELETE} route;
2022-02-05T01:23:22.109Z | info | TaskController {/boards/:boardId}:;
2022-02-05T01:23:22.110Z | info | Mapped {/boards/:boardId/tasks, POST} route;
2022-02-05T01:23:22.111Z | info | Mapped {/boards/:boardId/tasks, GET} route;
2022-02-05T01:23:22.112Z | info | Mapped {/boards/:boardId/tasks/:taskId, GET} route;
2022-02-05T01:23:22.113Z | info | Mapped {/boards/:boardId/tasks/:taskId, PUT} route;
2022-02-05T01:23:22.113Z | info | Mapped {/boards/:boardId/tasks/:taskId, DELETE} route;
2022-02-05T01:23:22.113Z | info | LoginController {/login}:;
2022-02-05T01:23:22.114Z | info | Mapped {/login, POST} route;
2022-02-05T01:23:22.114Z | info | FileController {/file}:;
2022-02-05T01:23:22.115Z | info | Mapped {/file, POST} route;
2022-02-05T01:23:22.116Z | info | Mapped {/file/:file, GET} route;
2022-02-05T01:23:22.119Z | info | Nest application successfully started;
2022-02-05T01:23:22.126Z | info | Server started on port 4000;
2022-02-05T01:23:53.275Z | info | Starting Nest application...;
2022-02-05T01:23:53.329Z | info | TypeOrmModule dependencies initialized;
2022-02-05T01:23:53.330Z | info | ColumnModule dependencies initialized;
2022-02-05T01:23:53.330Z | info | AppModule dependencies initialized;
2022-02-05T01:23:53.330Z | info | FileModule dependencies initialized;
2022-02-05T01:23:53.394Z | info | TypeOrmCoreModule dependencies initialized;
2022-02-05T01:23:53.395Z | info | TypeOrmModule dependencies initialized;
2022-02-05T01:23:53.395Z | info | TypeOrmModule dependencies initialized;
2022-02-05T01:23:53.395Z | info | TypeOrmModule dependencies initialized;
2022-02-05T01:23:53.395Z | info | TypeOrmModule dependencies initialized;
2022-02-05T01:23:53.398Z | info | UserModule dependencies initialized;
2022-02-05T01:23:53.399Z | info | BoardModule dependencies initialized;
2022-02-05T01:23:53.399Z | info | LoginModule dependencies initialized;
2022-02-05T01:23:53.399Z | info | TaskModule dependencies initialized;
2022-02-05T01:23:53.430Z | info | UserController {/users}:;
2022-02-05T01:23:53.432Z | info | Mapped {/users, POST} route;
2022-02-05T01:23:53.432Z | info | Mapped {/users, GET} route;
2022-02-05T01:23:53.433Z | info | Mapped {/users/:id, GET} route;
2022-02-05T01:23:53.433Z | info | Mapped {/users/:id, PUT} route;
2022-02-05T01:23:53.433Z | info | Mapped {/users/:id, DELETE} route;
2022-02-05T01:23:53.434Z | info | BoardController {/boards}:;
2022-02-05T01:23:53.434Z | info | Mapped {/boards, POST} route;
2022-02-05T01:23:53.434Z | info | Mapped {/boards, GET} route;
2022-02-05T01:23:53.435Z | info | Mapped {/boards/:id, GET} route;
2022-02-05T01:23:53.435Z | info | Mapped {/boards/:id, PUT} route;
2022-02-05T01:23:53.435Z | info | Mapped {/boards/:id, DELETE} route;
2022-02-05T01:23:53.436Z | info | TaskController {/boards/:boardId}:;
2022-02-05T01:23:53.436Z | info | Mapped {/boards/:boardId/tasks, POST} route;
2022-02-05T01:23:53.436Z | info | Mapped {/boards/:boardId/tasks, GET} route;
2022-02-05T01:23:53.437Z | info | Mapped {/boards/:boardId/tasks/:taskId, GET} route;
2022-02-05T01:23:53.437Z | info | Mapped {/boards/:boardId/tasks/:taskId, PUT} route;
2022-02-05T01:23:53.437Z | info | Mapped {/boards/:boardId/tasks/:taskId, DELETE} route;
2022-02-05T01:23:53.437Z | info | LoginController {/login}:;
2022-02-05T01:23:53.437Z | info | Mapped {/login, POST} route;
2022-02-05T01:23:53.437Z | info | FileController {/file}:;
2022-02-05T01:23:53.438Z | info | Mapped {/file, POST} route;
2022-02-05T01:23:53.438Z | info | Mapped {/file/:file, GET} route;
2022-02-05T01:23:53.440Z | info | Nest application successfully started;
2022-02-05T01:23:53.442Z | info | Server started on port 4000;
2022-02-05T01:23:58.659Z | error | Cannot read properties of undefined (reading 'filename');
2022-02-05T01:23:58.659Z | error | POST /file 500 Internal Server Error body: {} query: {};
2022-02-05T01:24:10.393Z | error | Cannot read properties of undefined (reading 'filename');
2022-02-05T01:24:10.393Z | error | POST /file 500 Internal Server Error body: {} query: {};
2022-02-05T01:24:50.908Z | info | Starting Nest application...;
2022-02-05T01:24:50.966Z | info | TypeOrmModule dependencies initialized;
2022-02-05T01:24:50.966Z | info | ColumnModule dependencies initialized;
2022-02-05T01:24:50.967Z | info | AppModule dependencies initialized;
2022-02-05T01:24:50.967Z | info | FileModule dependencies initialized;
2022-02-05T01:24:51.038Z | info | TypeOrmCoreModule dependencies initialized;
2022-02-05T01:24:51.038Z | info | TypeOrmModule dependencies initialized;
2022-02-05T01:24:51.038Z | info | TypeOrmModule dependencies initialized;
2022-02-05T01:24:51.038Z | info | TypeOrmModule dependencies initialized;
2022-02-05T01:24:51.039Z | info | TypeOrmModule dependencies initialized;
2022-02-05T01:24:51.042Z | info | UserModule dependencies initialized;
2022-02-05T01:24:51.043Z | info | BoardModule dependencies initialized;
2022-02-05T01:24:51.043Z | info | LoginModule dependencies initialized;
2022-02-05T01:24:51.043Z | info | TaskModule dependencies initialized;
2022-02-05T01:24:51.075Z | info | UserController {/users}:;
2022-02-05T01:24:51.078Z | info | Mapped {/users, POST} route;
2022-02-05T01:24:51.078Z | info | Mapped {/users, GET} route;
2022-02-05T01:24:51.078Z | info | Mapped {/users/:id, GET} route;
2022-02-05T01:24:51.079Z | info | Mapped {/users/:id, PUT} route;
2022-02-05T01:24:51.079Z | info | Mapped {/users/:id, DELETE} route;
2022-02-05T01:24:51.079Z | info | BoardController {/boards}:;
2022-02-05T01:24:51.080Z | info | Mapped {/boards, POST} route;
2022-02-05T01:24:51.080Z | info | Mapped {/boards, GET} route;
2022-02-05T01:24:51.080Z | info | Mapped {/boards/:id, GET} route;
2022-02-05T01:24:51.081Z | info | Mapped {/boards/:id, PUT} route;
2022-02-05T01:24:51.081Z | info | Mapped {/boards/:id, DELETE} route;
2022-02-05T01:24:51.081Z | info | TaskController {/boards/:boardId}:;
2022-02-05T01:24:51.082Z | info | Mapped {/boards/:boardId/tasks, POST} route;
2022-02-05T01:24:51.082Z | info | Mapped {/boards/:boardId/tasks, GET} route;
2022-02-05T01:24:51.082Z | info | Mapped {/boards/:boardId/tasks/:taskId, GET} route;
2022-02-05T01:24:51.082Z | info | Mapped {/boards/:boardId/tasks/:taskId, PUT} route;
2022-02-05T01:24:51.083Z | info | Mapped {/boards/:boardId/tasks/:taskId, DELETE} route;
2022-02-05T01:24:51.083Z | info | LoginController {/login}:;
2022-02-05T01:24:51.083Z | info | Mapped {/login, POST} route;
2022-02-05T01:24:51.083Z | info | FileController {/file}:;
2022-02-05T01:24:51.083Z | info | Mapped {/file, POST} route;
2022-02-05T01:24:51.083Z | info | Mapped {/file/:file, GET} route;
2022-02-05T01:24:51.086Z | info | Nest application successfully started;
2022-02-05T01:24:51.087Z | info | Server started on port 4000;
2022-02-05T01:24:53.040Z | error | Cannot read properties of undefined (reading 'filename');
2022-02-05T01:24:53.041Z | error | POST /file 500 Internal Server Error body: {} query: {};
2022-02-05T01:25:07.345Z | error | Cannot read properties of undefined (reading 'filename');
2022-02-05T01:25:07.346Z | error | POST /file 500 Internal Server Error body: {"login":"admin","password":"admin"} query: {};
2022-02-05T01:25:26.913Z | error | Cannot read properties of undefined (reading 'filename');
2022-02-05T01:25:26.914Z | error | POST /file 500 Internal Server Error body: {} query: {};
2022-02-05T01:27:46.345Z | info | Starting Nest application...;
2022-02-05T01:27:46.403Z | info | TypeOrmModule dependencies initialized;
2022-02-05T01:27:46.403Z | info | ColumnModule dependencies initialized;
2022-02-05T01:27:46.404Z | info | AppModule dependencies initialized;
2022-02-05T01:27:46.404Z | info | FileModule dependencies initialized;
2022-02-05T01:27:46.481Z | info | TypeOrmCoreModule dependencies initialized;
2022-02-05T01:27:46.481Z | info | TypeOrmModule dependencies initialized;
2022-02-05T01:27:46.481Z | info | TypeOrmModule dependencies initialized;
2022-02-05T01:27:46.481Z | info | TypeOrmModule dependencies initialized;
2022-02-05T01:27:46.482Z | info | TypeOrmModule dependencies initialized;
2022-02-05T01:27:46.485Z | info | UserModule dependencies initialized;
2022-02-05T01:27:46.486Z | info | BoardModule dependencies initialized;
2022-02-05T01:27:46.486Z | info | LoginModule dependencies initialized;
2022-02-05T01:27:46.486Z | info | TaskModule dependencies initialized;
2022-02-05T01:27:46.515Z | info | UserController {/users}:;
2022-02-05T01:27:46.517Z | info | Mapped {/users, POST} route;
2022-02-05T01:27:46.518Z | info | Mapped {/users, GET} route;
2022-02-05T01:27:46.518Z | info | Mapped {/users/:id, GET} route;
2022-02-05T01:27:46.519Z | info | Mapped {/users/:id, PUT} route;
2022-02-05T01:27:46.519Z | info | Mapped {/users/:id, DELETE} route;
2022-02-05T01:27:46.519Z | info | BoardController {/boards}:;
2022-02-05T01:27:46.520Z | info | Mapped {/boards, POST} route;
2022-02-05T01:27:46.520Z | info | Mapped {/boards, GET} route;
2022-02-05T01:27:46.520Z | info | Mapped {/boards/:id, GET} route;
2022-02-05T01:27:46.521Z | info | Mapped {/boards/:id, PUT} route;
2022-02-05T01:27:46.521Z | info | Mapped {/boards/:id, DELETE} route;
2022-02-05T01:27:46.521Z | info | TaskController {/boards/:boardId}:;
2022-02-05T01:27:46.522Z | info | Mapped {/boards/:boardId/tasks, POST} route;
2022-02-05T01:27:46.522Z | info | Mapped {/boards/:boardId/tasks, GET} route;
2022-02-05T01:27:46.522Z | info | Mapped {/boards/:boardId/tasks/:taskId, GET} route;
2022-02-05T01:27:46.522Z | info | Mapped {/boards/:boardId/tasks/:taskId, PUT} route;
2022-02-05T01:27:46.523Z | info | Mapped {/boards/:boardId/tasks/:taskId, DELETE} route;
2022-02-05T01:27:46.523Z | info | LoginController {/login}:;
2022-02-05T01:27:46.523Z | info | Mapped {/login, POST} route;
2022-02-05T01:27:46.523Z | info | FileController {/file}:;
2022-02-05T01:27:46.523Z | info | Mapped {/file, POST} route;
2022-02-05T01:27:46.523Z | info | Mapped {/file/:file, GET} route;
2022-02-05T01:27:46.526Z | info | Nest application successfully started;
2022-02-05T01:27:46.527Z | info | Server started on port 4000;
2022-02-05T01:27:51.365Z | error | Cannot read properties of undefined (reading 'filename');
2022-02-05T01:27:51.366Z | error | POST /file 500 Internal Server Error body: {} query: {};
2022-02-05T01:29:32.496Z | info | Starting Nest application...;
2022-02-05T01:29:32.563Z | info | TypeOrmModule dependencies initialized;
2022-02-05T01:29:32.563Z | info | ColumnModule dependencies initialized;
2022-02-05T01:29:32.564Z | info | AppModule dependencies initialized;
2022-02-05T01:29:32.564Z | info | FileModule dependencies initialized;
2022-02-05T01:29:32.644Z | info | TypeOrmCoreModule dependencies initialized;
2022-02-05T01:29:32.644Z | info | TypeOrmModule dependencies initialized;
2022-02-05T01:29:32.644Z | info | TypeOrmModule dependencies initialized;
2022-02-05T01:29:32.644Z | info | TypeOrmModule dependencies initialized;
2022-02-05T01:29:32.644Z | info | TypeOrmModule dependencies initialized;
2022-02-05T01:29:32.648Z | info | UserModule dependencies initialized;
2022-02-05T01:29:32.648Z | info | BoardModule dependencies initialized;
2022-02-05T01:29:32.649Z | info | LoginModule dependencies initialized;
2022-02-05T01:29:32.649Z | info | TaskModule dependencies initialized;
2022-02-05T01:29:32.679Z | info | UserController {/users}:;
2022-02-05T01:29:32.681Z | info | Mapped {/users, POST} route;
2022-02-05T01:29:32.681Z | info | Mapped {/users, GET} route;
2022-02-05T01:29:32.682Z | info | Mapped {/users/:id, GET} route;
2022-02-05T01:29:32.682Z | info | Mapped {/users/:id, PUT} route;
2022-02-05T01:29:32.683Z | info | Mapped {/users/:id, DELETE} route;
2022-02-05T01:29:32.683Z | info | BoardController {/boards}:;
2022-02-05T01:29:32.683Z | info | Mapped {/boards, POST} route;
2022-02-05T01:29:32.683Z | info | Mapped {/boards, GET} route;
2022-02-05T01:29:32.684Z | info | Mapped {/boards/:id, GET} route;
2022-02-05T01:29:32.684Z | info | Mapped {/boards/:id, PUT} route;
2022-02-05T01:29:32.685Z | info | Mapped {/boards/:id, DELETE} route;
2022-02-05T01:29:32.685Z | info | TaskController {/boards/:boardId}:;
2022-02-05T01:29:32.685Z | info | Mapped {/boards/:boardId/tasks, POST} route;
2022-02-05T01:29:32.685Z | info | Mapped {/boards/:boardId/tasks, GET} route;
2022-02-05T01:29:32.686Z | info | Mapped {/boards/:boardId/tasks/:taskId, GET} route;
2022-02-05T01:29:32.686Z | info | Mapped {/boards/:boardId/tasks/:taskId, PUT} route;
2022-02-05T01:29:32.686Z | info | Mapped {/boards/:boardId/tasks/:taskId, DELETE} route;
2022-02-05T01:29:32.686Z | info | LoginController {/login}:;
2022-02-05T01:29:32.686Z | info | Mapped {/login, POST} route;
2022-02-05T01:29:32.687Z | info | FileController {/file}:;
2022-02-05T01:29:32.687Z | info | Mapped {/file, POST} route;
2022-02-05T01:29:32.687Z | info | Mapped {/file/:file, GET} route;
2022-02-05T01:29:32.689Z | info | Nest application successfully started;
2022-02-05T01:29:32.691Z | info | Server started on port 4000;
2022-02-05T01:29:54.780Z | info | Starting Nest application...;
2022-02-05T01:29:54.840Z | info | TypeOrmModule dependencies initialized;
2022-02-05T01:29:54.840Z | info | ColumnModule dependencies initialized;
2022-02-05T01:29:54.841Z | info | AppModule dependencies initialized;
2022-02-05T01:29:54.841Z | info | FileModule dependencies initialized;
2022-02-05T01:29:54.916Z | info | TypeOrmCoreModule dependencies initialized;
2022-02-05T01:29:54.916Z | info | TypeOrmModule dependencies initialized;
2022-02-05T01:29:54.916Z | info | TypeOrmModule dependencies initialized;
2022-02-05T01:29:54.916Z | info | TypeOrmModule dependencies initialized;
2022-02-05T01:29:54.916Z | info | TypeOrmModule dependencies initialized;
2022-02-05T01:29:54.920Z | info | UserModule dependencies initialized;
2022-02-05T01:29:54.920Z | info | BoardModule dependencies initialized;
2022-02-05T01:29:54.921Z | info | LoginModule dependencies initialized;
2022-02-05T01:29:54.921Z | info | TaskModule dependencies initialized;
2022-02-05T01:29:54.954Z | info | UserController {/users}:;
2022-02-05T01:29:54.956Z | info | Mapped {/users, POST} route;
2022-02-05T01:29:54.957Z | info | Mapped {/users, GET} route;
2022-02-05T01:29:54.957Z | info | Mapped {/users/:id, GET} route;
2022-02-05T01:29:54.958Z | info | Mapped {/users/:id, PUT} route;
2022-02-05T01:29:54.958Z | info | Mapped {/users/:id, DELETE} route;
2022-02-05T01:29:54.958Z | info | BoardController {/boards}:;
2022-02-05T01:29:54.959Z | info | Mapped {/boards, POST} route;
2022-02-05T01:29:54.959Z | info | Mapped {/boards, GET} route;
2022-02-05T01:29:54.960Z | info | Mapped {/boards/:id, GET} route;
2022-02-05T01:29:54.960Z | info | Mapped {/boards/:id, PUT} route;
2022-02-05T01:29:54.961Z | info | Mapped {/boards/:id, DELETE} route;
2022-02-05T01:29:54.961Z | info | TaskController {/boards/:boardId}:;
2022-02-05T01:29:54.961Z | info | Mapped {/boards/:boardId/tasks, POST} route;
2022-02-05T01:29:54.961Z | info | Mapped {/boards/:boardId/tasks, GET} route;
2022-02-05T01:29:54.962Z | info | Mapped {/boards/:boardId/tasks/:taskId, GET} route;
2022-02-05T01:29:54.962Z | info | Mapped {/boards/:boardId/tasks/:taskId, PUT} route;
2022-02-05T01:29:54.962Z | info | Mapped {/boards/:boardId/tasks/:taskId, DELETE} route;
2022-02-05T01:29:54.962Z | info | LoginController {/login}:;
2022-02-05T01:29:54.962Z | info | Mapped {/login, POST} route;
2022-02-05T01:29:54.963Z | info | FileController {/file}:;
2022-02-05T01:29:54.963Z | info | Mapped {/file, POST} route;
2022-02-05T01:29:54.963Z | info | Mapped {/file/:file, GET} route;
2022-02-05T01:29:54.965Z | info | Nest application successfully started;
2022-02-05T01:29:54.967Z | info | Server started on port 4000;
2022-02-05T01:31:16.689Z | info | POST /file 201 Created body: {} query: {};
2022-02-05T01:31:26.043Z | info | GET /file/background-min-min.png 200 OK body: {} query: {};
2022-02-05T01:31:58.247Z | info | Starting Nest application...;
2022-02-05T01:31:58.321Z | info | TypeOrmModule dependencies initialized;
2022-02-05T01:31:58.322Z | info | ColumnModule dependencies initialized;
2022-02-05T01:31:58.322Z | info | AppModule dependencies initialized;
2022-02-05T01:31:58.322Z | info | FileModule dependencies initialized;
2022-02-05T01:31:58.391Z | info | TypeOrmCoreModule dependencies initialized;
2022-02-05T01:31:58.392Z | info | TypeOrmModule dependencies initialized;
2022-02-05T01:31:58.392Z | info | TypeOrmModule dependencies initialized;
2022-02-05T01:31:58.392Z | info | TypeOrmModule dependencies initialized;
2022-02-05T01:31:58.392Z | info | TypeOrmModule dependencies initialized;
2022-02-05T01:31:58.396Z | info | UserModule dependencies initialized;
2022-02-05T01:31:58.396Z | info | BoardModule dependencies initialized;
2022-02-05T01:31:58.396Z | info | LoginModule dependencies initialized;
2022-02-05T01:31:58.396Z | info | TaskModule dependencies initialized;
2022-02-05T01:31:58.429Z | info | UserController {/users}:;
2022-02-05T01:31:58.432Z | info | Mapped {/users, POST} route;
2022-02-05T01:31:58.433Z | info | Mapped {/users, GET} route;
2022-02-05T01:31:58.434Z | info | Mapped {/users/:id, GET} route;
2022-02-05T01:31:58.434Z | info | Mapped {/users/:id, PUT} route;
2022-02-05T01:31:58.435Z | info | Mapped {/users/:id, DELETE} route;
2022-02-05T01:31:58.435Z | info | BoardController {/boards}:;
2022-02-05T01:31:58.436Z | info | Mapped {/boards, POST} route;
2022-02-05T01:31:58.437Z | info | Mapped {/boards, GET} route;
2022-02-05T01:31:58.438Z | info | Mapped {/boards/:id, GET} route;
2022-02-05T01:31:58.439Z | info | Mapped {/boards/:id, PUT} route;
2022-02-05T01:31:58.440Z | info | Mapped {/boards/:id, DELETE} route;
2022-02-05T01:31:58.440Z | info | TaskController {/boards/:boardId}:;
2022-02-05T01:31:58.441Z | info | Mapped {/boards/:boardId/tasks, POST} route;
2022-02-05T01:31:58.442Z | info | Mapped {/boards/:boardId/tasks, GET} route;
2022-02-05T01:31:58.442Z | info | Mapped {/boards/:boardId/tasks/:taskId, GET} route;
2022-02-05T01:31:58.443Z | info | Mapped {/boards/:boardId/tasks/:taskId, PUT} route;
2022-02-05T01:31:58.444Z | info | Mapped {/boards/:boardId/tasks/:taskId, DELETE} route;
2022-02-05T01:31:58.444Z | info | LoginController {/login}:;
2022-02-05T01:31:58.444Z | info | Mapped {/login, POST} route;
2022-02-05T01:31:58.445Z | info | FileController {/file}:;
2022-02-05T01:31:58.445Z | info | Mapped {/file, POST} route;
2022-02-05T01:31:58.446Z | info | Mapped {/file/:file, GET} route;
2022-02-05T01:31:58.449Z | info | Nest application successfully started;
2022-02-05T01:31:58.456Z | info | Server started on port 4000;
2022-02-05T01:32:03.349Z | info | OPTIONS /file/background-min-min.png 204 No Content body: undefined query: undefined;
2022-02-05T01:32:03.360Z | error | GET /file/background-min-min.png 500 Internal Server Error body: undefined query: undefined;
2022-02-05T01:32:12.333Z | info | OPTIONS /file 204 No Content body: undefined query: undefined;
2022-02-05T01:32:12.353Z | info | POST /file 201 Created body: undefined query: undefined;
2022-02-05T01:32:22.285Z | info | OPTIONS /file/background-min-min.png 204 No Content body: undefined query: undefined;
2022-02-05T01:32:22.295Z | info | GET /file/background-min-min.png 200 OK body: undefined query: undefined;
2022-02-05T01:32:43.082Z | info | Starting Nest application...;
2022-02-05T01:32:43.147Z | info | TypeOrmModule dependencies initialized;
2022-02-05T01:32:43.147Z | info | ColumnModule dependencies initialized;
2022-02-05T01:32:43.148Z | info | AppModule dependencies initialized;
2022-02-05T01:32:43.148Z | info | FileModule dependencies initialized;
2022-02-05T01:32:43.226Z | info | TypeOrmCoreModule dependencies initialized;
2022-02-05T01:32:43.226Z | info | TypeOrmModule dependencies initialized;
2022-02-05T01:32:43.226Z | info | TypeOrmModule dependencies initialized;
2022-02-05T01:32:43.226Z | info | TypeOrmModule dependencies initialized;
2022-02-05T01:32:43.227Z | info | TypeOrmModule dependencies initialized;
2022-02-05T01:32:43.230Z | info | UserModule dependencies initialized;
2022-02-05T01:32:43.231Z | info | BoardModule dependencies initialized;
2022-02-05T01:32:43.231Z | info | LoginModule dependencies initialized;
2022-02-05T01:32:43.231Z | info | TaskModule dependencies initialized;
2022-02-05T01:32:43.269Z | info | UserController {/users}:;
2022-02-05T01:32:43.272Z | info | Mapped {/users, POST} route;
2022-02-05T01:32:43.273Z | info | Mapped {/users, GET} route;
2022-02-05T01:32:43.274Z | info | Mapped {/users/:id, GET} route;
2022-02-05T01:32:43.275Z | info | Mapped {/users/:id, PUT} route;
2022-02-05T01:32:43.276Z | info | Mapped {/users/:id, DELETE} route;
2022-02-05T01:32:43.276Z | info | BoardController {/boards}:;
2022-02-05T01:32:43.277Z | info | Mapped {/boards, POST} route;
2022-02-05T01:32:43.278Z | info | Mapped {/boards, GET} route;
2022-02-05T01:32:43.279Z | info | Mapped {/boards/:id, GET} route;
2022-02-05T01:32:43.280Z | info | Mapped {/boards/:id, PUT} route;
2022-02-05T01:32:43.281Z | info | Mapped {/boards/:id, DELETE} route;
2022-02-05T01:32:43.281Z | info | TaskController {/boards/:boardId}:;
2022-02-05T01:32:43.282Z | info | Mapped {/boards/:boardId/tasks, POST} route;
2022-02-05T01:32:43.283Z | info | Mapped {/boards/:boardId/tasks, GET} route;
2022-02-05T01:32:43.284Z | info | Mapped {/boards/:boardId/tasks/:taskId, GET} route;
2022-02-05T01:32:43.284Z | info | Mapped {/boards/:boardId/tasks/:taskId, PUT} route;
2022-02-05T01:32:43.285Z | info | Mapped {/boards/:boardId/tasks/:taskId, DELETE} route;
2022-02-05T01:32:43.285Z | info | LoginController {/login}:;
2022-02-05T01:32:43.286Z | info | Mapped {/login, POST} route;
2022-02-05T01:32:43.286Z | info | FileController {/file}:;
2022-02-05T01:32:43.287Z | info | Mapped {/file, POST} route;
2022-02-05T01:32:43.288Z | info | Mapped {/file/:file, GET} route;
2022-02-05T01:32:43.291Z | info | Nest application successfully started;
2022-02-05T01:32:43.298Z | info | Server started on port 4000;
2022-02-05T01:32:48.540Z | info | OPTIONS /file 204 No Content body: undefined query: undefined;
2022-02-05T01:32:48.544Z | warn | GET /file 404 Not Found body: undefined query: undefined;
2022-02-05T01:32:56.965Z | info | OPTIONS /file 204 No Content body: undefined query: undefined;
2022-02-05T01:32:56.968Z | warn | POST /file 415 Unsupported Media Type body: undefined query: undefined;
2022-02-05T01:32:59.564Z | warn | POST /file 415 Unsupported Media Type body: undefined query: undefined;
2022-02-05T01:33:12.809Z | info | Starting Nest application...;
2022-02-05T01:33:12.876Z | info | TypeOrmModule dependencies initialized;
2022-02-05T01:33:12.876Z | info | ColumnModule dependencies initialized;
2022-02-05T01:33:12.877Z | info | AppModule dependencies initialized;
2022-02-05T01:33:12.877Z | info | FileModule dependencies initialized;
2022-02-05T01:33:12.944Z | info | TypeOrmCoreModule dependencies initialized;
2022-02-05T01:33:12.944Z | info | TypeOrmModule dependencies initialized;
2022-02-05T01:33:12.944Z | info | TypeOrmModule dependencies initialized;
2022-02-05T01:33:12.944Z | info | TypeOrmModule dependencies initialized;
2022-02-05T01:33:12.944Z | info | TypeOrmModule dependencies initialized;
2022-02-05T01:33:12.947Z | info | UserModule dependencies initialized;
2022-02-05T01:33:12.948Z | info | BoardModule dependencies initialized;
2022-02-05T01:33:12.948Z | info | LoginModule dependencies initialized;
2022-02-05T01:33:12.948Z | info | TaskModule dependencies initialized;
2022-02-05T01:33:12.989Z | info | UserController {/users}:;
2022-02-05T01:33:12.992Z | info | Mapped {/users, POST} route;
2022-02-05T01:33:12.993Z | info | Mapped {/users, GET} route;
2022-02-05T01:33:12.994Z | info | Mapped {/users/:id, GET} route;
2022-02-05T01:33:12.995Z | info | Mapped {/users/:id, PUT} route;
2022-02-05T01:33:12.996Z | info | Mapped {/users/:id, DELETE} route;
2022-02-05T01:33:12.997Z | info | BoardController {/boards}:;
2022-02-05T01:33:12.997Z | info | Mapped {/boards, POST} route;
2022-02-05T01:33:12.998Z | info | Mapped {/boards, GET} route;
2022-02-05T01:33:12.999Z | info | Mapped {/boards/:id, GET} route;
2022-02-05T01:33:13.000Z | info | Mapped {/boards/:id, PUT} route;
2022-02-05T01:33:13.001Z | info | Mapped {/boards/:id, DELETE} route;
2022-02-05T01:33:13.001Z | info | TaskController {/boards/:boardId}:;
2022-02-05T01:33:13.002Z | info | Mapped {/boards/:boardId/tasks, POST} route;
2022-02-05T01:33:13.003Z | info | Mapped {/boards/:boardId/tasks, GET} route;
2022-02-05T01:33:13.004Z | info | Mapped {/boards/:boardId/tasks/:taskId, GET} route;
2022-02-05T01:33:13.004Z | info | Mapped {/boards/:boardId/tasks/:taskId, PUT} route;
2022-02-05T01:33:13.005Z | info | Mapped {/boards/:boardId/tasks/:taskId, DELETE} route;
2022-02-05T01:33:13.005Z | info | LoginController {/login}:;
2022-02-05T01:33:13.006Z | info | Mapped {/login, POST} route;
2022-02-05T01:33:13.006Z | info | FileController {/file}:;
2022-02-05T01:33:13.007Z | info | Mapped {/file, POST} route;
2022-02-05T01:33:13.007Z | info | Mapped {/file/:file, GET} route;
2022-02-05T01:33:13.011Z | info | Nest application successfully started;
2022-02-05T01:33:13.028Z | info | Server started on port 4000;
2022-02-05T01:33:15.511Z | info | OPTIONS /file 204 No Content body: undefined query: undefined;
2022-02-05T01:33:15.551Z | info | POST /file 201 Created body: undefined query: undefined;
